[2020-05-22 10:25:35] [ERROR] [      main] [] [c.z.h.HikariConfig.setDriverClassName] Line:[482] - Failed to load driver class com.mysql.cj.jdbc.Driver from HikariConfig class classloader sun.misc.Launcher$AppClassLoader@18b4aac2
[2020-05-22 10:25:35] [ERROR] [      main] [] [o.s.b.d.LoggingFailureAnalysisReporter.report] Line:[40] - 

***************************
APPLICATION FAILED TO START
***************************

Description:

Failed to bind properties under '' to com.zaxxer.hikari.HikariDataSource:

    Property: driver-class-name
    Value: com.mysql.cj.jdbc.Driver
    Origin: "driverClassName" from property source "source"
    Reason: Failed to load driver class com.mysql.cj.jdbc.Driver in either of HikariConfig class loader or Thread context classloader

Action:

Update your application's configuration

[2020-05-22 10:27:11] [ERROR] [      main] [] [c.z.h.HikariConfig.setDriverClassName] Line:[482] - Failed to load driver class com.mysql.cj.jdbc.Driver from HikariConfig class classloader sun.misc.Launcher$AppClassLoader@18b4aac2
[2020-05-22 10:27:11] [ERROR] [      main] [] [o.s.b.d.LoggingFailureAnalysisReporter.report] Line:[40] - 

***************************
APPLICATION FAILED TO START
***************************

Description:

Failed to bind properties under '' to com.zaxxer.hikari.HikariDataSource:

    Property: driver-class-name
    Value: com.mysql.cj.jdbc.Driver
    Origin: "driverClassName" from property source "source"
    Reason: Failed to load driver class com.mysql.cj.jdbc.Driver in either of HikariConfig class loader or Thread context classloader

Action:

Update your application's configuration

[2020-05-22 12:54:43] [ERROR] [      main] [] [c.z.h.HikariConfig.setDriverClassName] Line:[482] - Failed to load driver class com.mysql.cj.jdbc.Driver from HikariConfig class classloader sun.misc.Launcher$AppClassLoader@18b4aac2
[2020-05-22 12:54:43] [ERROR] [      main] [] [o.s.b.d.LoggingFailureAnalysisReporter.report] Line:[40] - 

***************************
APPLICATION FAILED TO START
***************************

Description:

Failed to bind properties under '' to com.zaxxer.hikari.HikariDataSource:

    Property: driver-class-name
    Value: com.mysql.cj.jdbc.Driver
    Origin: "driverClassName" from property source "source"
    Reason: Failed to load driver class com.mysql.cj.jdbc.Driver in either of HikariConfig class loader or Thread context classloader

Action:

Update your application's configuration

[2020-05-22 12:56:01] [ERROR] [      main] [] [c.z.h.HikariConfig.setDriverClassName] Line:[482] - Failed to load driver class com.mysql.cj.jdbc.Driver from HikariConfig class classloader sun.misc.Launcher$AppClassLoader@18b4aac2
[2020-05-22 12:56:01] [ERROR] [      main] [] [o.s.b.d.LoggingFailureAnalysisReporter.report] Line:[40] - 

***************************
APPLICATION FAILED TO START
***************************

Description:

Failed to bind properties under '' to com.zaxxer.hikari.HikariDataSource:

    Property: driver-class-name
    Value: com.mysql.cj.jdbc.Driver
    Origin: "driverClassName" from property source "source"
    Reason: Failed to load driver class com.mysql.cj.jdbc.Driver in either of HikariConfig class loader or Thread context classloader

Action:

Update your application's configuration

