2020-06-08 20:25:38,321 WARN org.springframework.boot.StartupInfoLogger [main] InetAddress.getLocalHost().getHostName() took 5002 milliseconds to respond. Please verify your network configuration (macOS machines may need to add entries to /etc/hosts).
2020-06-08 20:25:43,704 INFO org.springframework.boot.StartupInfoLogger [main] Starting BigMonsterApplication on MacBook-Pro-2.local with PID 77142 (/Users/changfeng/work/code/big-monster/monster-web/target/classes started by changfeng in /Users/changfeng/work/code/big-monster)
2020-06-08 20:25:43,706 INFO org.springframework.boot.SpringApplication [main] No active profile set, falling back to default profiles: default
2020-06-08 20:25:57,067 INFO org.springframework.context.support.PostProcessorRegistrationDelegate$BeanPostProcessorChecker [main] Bean 'xconfClientConfiguration' of type [com.muyi.bigMonster.config.XconfClientConfiguration$$EnhancerBySpringCGLIB$$66a9f81c] is not eligible for getting processed by all BeanPostProcessors (for example: not eligible for auto-proxying)
2020-06-08 20:25:58,015 INFO com.ggj.platform.xconf.client.entry.connection.XconfClient [main] sqlite存储目录为:/Users/changfeng/.xconf
2020-06-08 20:25:59,286 INFO com.ggj.platform.xconf.client.store.persistence.SqliteStoreHelper [main] 初始化表成功(如果表存在,不会重新创建)
2020-06-08 20:26:07,663 INFO com.ggj.platform.xconf.client.netty.channel.ServerChannelHolder [main] connect 120.55.196.18:16520 server success
2020-06-08 20:26:07,682 INFO com.ggj.platform.xconf.client.netty.handler.ClientHandler [XconfClient-NioEventLoopGroup-pool-0] client->server 通道连接成功
2020-06-08 20:26:09,247 INFO com.ggj.platform.xconf.common.protocol.codec.CommandMessageEncoder [XconfClient-NioEventLoopGroup-pool-0] 发送的数据包大小为:95
2020-06-08 20:26:09,481 INFO com.ggj.platform.xconf.common.protocol.codec.CommandMessageDecoder [XconfClient-NioEventLoopGroup-pool-0] 接受的数据包大小为:118
2020-06-08 20:26:11,053 INFO com.ggj.platform.xconf.client.netty.sync.ClientSyncData [main] await sync done
2020-06-08 20:26:11,053 INFO com.ggj.platform.xconf.client.netty.sync.ClientSyncData$1 [XconfClient-NioEventLoopGroup-pool-0] await sync complete
2020-06-08 20:26:11,054 INFO com.ggj.platform.xconf.client.netty.NettyClient [main] 同步数据结果:true
2020-06-08 20:26:11,054 INFO com.ggj.platform.xconf.client.netty.handler.ClientHandler [XconfClient-NioEventLoopGroup-pool-0] client send msg:null
2020-06-08 20:26:13,471 INFO org.springframework.boot.web.embedded.tomcat.TomcatWebServer [main] Tomcat initialized with port(s): 9999 (http)
2020-06-08 20:26:13,576 INFO org.apache.juli.logging.DirectJDKLog [main] Initializing ProtocolHandler ["http-nio-9999"]
2020-06-08 20:26:13,577 INFO org.apache.juli.logging.DirectJDKLog [main] Starting service [Tomcat]
2020-06-08 20:26:13,577 INFO org.apache.juli.logging.DirectJDKLog [main] Starting Servlet engine: [Apache Tomcat/9.0.35]
2020-06-08 20:26:14,056 INFO com.ggj.platform.xconf.common.protocol.codec.CommandMessageEncoder [XconfClient-NioEventLoopGroup-pool-0] 发送的数据包大小为:95
2020-06-08 20:26:14,063 INFO com.ggj.platform.xconf.common.protocol.codec.CommandMessageDecoder [XconfClient-NioEventLoopGroup-pool-0] 接受的数据包大小为:118
2020-06-08 20:26:14,064 INFO com.ggj.platform.xconf.client.netty.handler.ClientHandler [XconfClient-NioEventLoopGroup-pool-0] client send msg:null
2020-06-08 20:26:14,407 INFO org.apache.juli.logging.DirectJDKLog [main] Initializing Spring embedded WebApplicationContext
2020-06-08 20:26:14,408 INFO org.springframework.boot.web.servlet.context.ServletWebServerApplicationContext [main] Root WebApplicationContext: initialization completed in 28768 ms
2020-06-08 20:26:18,220 INFO org.springframework.scheduling.concurrent.ExecutorConfigurationSupport [main] Initializing ExecutorService 'applicationTaskExecutor'
2020-06-08 20:26:19,936 INFO org.apache.juli.logging.DirectJDKLog [main] Starting ProtocolHandler ["http-nio-9999"]
2020-06-08 20:26:20,100 INFO org.springframework.boot.web.embedded.tomcat.TomcatWebServer [main] Tomcat started on port(s): 9999 (http) with context path '/monster'
2020-06-08 20:26:20,217 INFO org.springframework.boot.StartupInfoLogger [main] Started BigMonsterApplication in 65.02 seconds (JVM running for 81.199)
2020-06-08 20:26:59,140 INFO com.ggj.platform.xconf.common.protocol.codec.CommandMessageEncoder [XconfClient-NioEventLoopGroup-pool-0] 发送的数据包大小为:147
2020-06-08 20:27:14,061 INFO com.ggj.platform.xconf.common.protocol.codec.CommandMessageEncoder [XconfClient-NioEventLoopGroup-pool-0] 发送的数据包大小为:95
2020-06-08 20:27:14,073 INFO com.ggj.platform.xconf.common.protocol.codec.CommandMessageDecoder [XconfClient-NioEventLoopGroup-pool-0] 接受的数据包大小为:118
2020-06-08 20:27:14,075 INFO com.ggj.platform.xconf.client.netty.handler.ClientHandler [XconfClient-NioEventLoopGroup-pool-0] client send msg:null
2020-06-08 20:27:31,924 INFO org.apache.juli.logging.DirectJDKLog [http-nio-9999-exec-1] Initializing Spring DispatcherServlet 'dispatcherServlet'
2020-06-08 20:27:31,925 INFO org.springframework.web.servlet.FrameworkServlet [http-nio-9999-exec-1] Initializing Servlet 'dispatcherServlet'
2020-06-08 20:27:32,024 INFO org.springframework.web.servlet.FrameworkServlet [http-nio-9999-exec-1] Completed initialization in 98 ms
2020-06-08 20:27:33,445 INFO com.zaxxer.hikari.HikariDataSource [http-nio-9999-exec-1] HikariPool-1 - Starting...
2020-06-08 20:27:35,905 INFO com.zaxxer.hikari.HikariDataSource [http-nio-9999-exec-1] HikariPool-1 - Start completed.
2020-06-08 20:27:59,129 INFO com.ggj.platform.xconf.common.protocol.codec.CommandMessageEncoder [XconfClient-NioEventLoopGroup-pool-0] 发送的数据包大小为:147
2020-06-08 20:28:14,092 INFO com.ggj.platform.xconf.common.protocol.codec.CommandMessageEncoder [XconfClient-NioEventLoopGroup-pool-0] 发送的数据包大小为:95
2020-06-08 20:28:14,103 INFO com.ggj.platform.xconf.common.protocol.codec.CommandMessageDecoder [XconfClient-NioEventLoopGroup-pool-0] 接受的数据包大小为:118
2020-06-08 20:28:14,130 INFO com.ggj.platform.xconf.client.netty.handler.ClientHandler [XconfClient-NioEventLoopGroup-pool-0] client send msg:null
2020-06-08 20:28:59,135 INFO com.ggj.platform.xconf.common.protocol.codec.CommandMessageEncoder [XconfClient-NioEventLoopGroup-pool-0] 发送的数据包大小为:147
2020-06-08 20:29:14,101 INFO com.ggj.platform.xconf.common.protocol.codec.CommandMessageEncoder [XconfClient-NioEventLoopGroup-pool-0] 发送的数据包大小为:95
2020-06-08 20:29:14,113 INFO com.ggj.platform.xconf.common.protocol.codec.CommandMessageDecoder [XconfClient-NioEventLoopGroup-pool-0] 接受的数据包大小为:118
2020-06-08 20:29:14,115 INFO com.ggj.platform.xconf.client.netty.handler.ClientHandler [XconfClient-NioEventLoopGroup-pool-0] client send msg:null
2020-06-08 20:29:59,139 INFO com.ggj.platform.xconf.common.protocol.codec.CommandMessageEncoder [XconfClient-NioEventLoopGroup-pool-0] 发送的数据包大小为:147
2020-06-08 20:30:14,322 INFO com.ggj.platform.xconf.common.protocol.codec.CommandMessageEncoder [XconfClient-NioEventLoopGroup-pool-0] 发送的数据包大小为:95
2020-06-08 20:30:14,355 INFO com.ggj.platform.xconf.common.protocol.codec.CommandMessageDecoder [XconfClient-NioEventLoopGroup-pool-0] 接受的数据包大小为:118
2020-06-08 20:30:14,371 INFO com.ggj.platform.xconf.client.netty.handler.ClientHandler [XconfClient-NioEventLoopGroup-pool-0] client send msg:null
2020-06-08 20:30:59,379 INFO com.ggj.platform.xconf.common.protocol.codec.CommandMessageEncoder [XconfClient-NioEventLoopGroup-pool-0] 发送的数据包大小为:147
2020-06-08 20:31:14,352 INFO com.ggj.platform.xconf.common.protocol.codec.CommandMessageEncoder [XconfClient-NioEventLoopGroup-pool-0] 发送的数据包大小为:95
2020-06-08 20:31:14,368 INFO com.ggj.platform.xconf.common.protocol.codec.CommandMessageDecoder [XconfClient-NioEventLoopGroup-pool-0] 接受的数据包大小为:118
2020-06-08 20:31:14,370 INFO com.ggj.platform.xconf.client.netty.handler.ClientHandler [XconfClient-NioEventLoopGroup-pool-0] client send msg:null
2020-06-08 20:31:59,374 INFO com.ggj.platform.xconf.common.protocol.codec.CommandMessageEncoder [XconfClient-NioEventLoopGroup-pool-0] 发送的数据包大小为:147
2020-06-08 20:32:14,365 INFO com.ggj.platform.xconf.common.protocol.codec.CommandMessageEncoder [XconfClient-NioEventLoopGroup-pool-0] 发送的数据包大小为:95
2020-06-08 20:32:14,380 INFO com.ggj.platform.xconf.common.protocol.codec.CommandMessageDecoder [XconfClient-NioEventLoopGroup-pool-0] 接受的数据包大小为:118
2020-06-08 20:32:14,381 INFO com.ggj.platform.xconf.client.netty.handler.ClientHandler [XconfClient-NioEventLoopGroup-pool-0] client send msg:null
2020-06-08 20:32:59,385 INFO com.ggj.platform.xconf.common.protocol.codec.CommandMessageEncoder [XconfClient-NioEventLoopGroup-pool-0] 发送的数据包大小为:147
2020-06-08 20:33:14,454 INFO com.ggj.platform.xconf.common.protocol.codec.CommandMessageEncoder [XconfClient-NioEventLoopGroup-pool-0] 发送的数据包大小为:95
2020-06-08 20:33:14,464 INFO com.ggj.platform.xconf.common.protocol.codec.CommandMessageDecoder [XconfClient-NioEventLoopGroup-pool-0] 接受的数据包大小为:118
2020-06-08 20:33:14,466 INFO com.ggj.platform.xconf.client.netty.handler.ClientHandler [XconfClient-NioEventLoopGroup-pool-0] client send msg:null
2020-06-08 20:33:59,471 INFO com.ggj.platform.xconf.common.protocol.codec.CommandMessageEncoder [XconfClient-NioEventLoopGroup-pool-0] 发送的数据包大小为:147
2020-06-08 20:34:14,493 INFO com.ggj.platform.xconf.common.protocol.codec.CommandMessageEncoder [XconfClient-NioEventLoopGroup-pool-0] 发送的数据包大小为:95
2020-06-08 20:34:14,501 INFO com.ggj.platform.xconf.common.protocol.codec.CommandMessageDecoder [XconfClient-NioEventLoopGroup-pool-0] 接受的数据包大小为:118
2020-06-08 20:34:14,503 INFO com.ggj.platform.xconf.client.netty.handler.ClientHandler [XconfClient-NioEventLoopGroup-pool-0] client send msg:null
2020-06-08 20:34:59,509 INFO com.ggj.platform.xconf.common.protocol.codec.CommandMessageEncoder [XconfClient-NioEventLoopGroup-pool-0] 发送的数据包大小为:147
2020-06-08 20:35:14,502 INFO com.ggj.platform.xconf.common.protocol.codec.CommandMessageEncoder [XconfClient-NioEventLoopGroup-pool-0] 发送的数据包大小为:95
2020-06-08 20:35:14,511 INFO com.ggj.platform.xconf.common.protocol.codec.CommandMessageDecoder [XconfClient-NioEventLoopGroup-pool-0] 接受的数据包大小为:118
2020-06-08 20:35:14,513 INFO com.ggj.platform.xconf.client.netty.handler.ClientHandler [XconfClient-NioEventLoopGroup-pool-0] client send msg:null
2020-06-08 20:35:59,526 INFO com.ggj.platform.xconf.common.protocol.codec.CommandMessageEncoder [XconfClient-NioEventLoopGroup-pool-0] 发送的数据包大小为:147
2020-06-08 20:36:14,513 INFO com.ggj.platform.xconf.common.protocol.codec.CommandMessageEncoder [XconfClient-NioEventLoopGroup-pool-0] 发送的数据包大小为:95
2020-06-08 20:36:14,522 INFO com.ggj.platform.xconf.common.protocol.codec.CommandMessageDecoder [XconfClient-NioEventLoopGroup-pool-0] 接受的数据包大小为:118
2020-06-08 20:36:14,523 INFO com.ggj.platform.xconf.client.netty.handler.ClientHandler [XconfClient-NioEventLoopGroup-pool-0] client send msg:null
2020-06-08 20:36:59,527 INFO com.ggj.platform.xconf.common.protocol.codec.CommandMessageEncoder [XconfClient-NioEventLoopGroup-pool-0] 发送的数据包大小为:147
2020-06-08 20:37:14,517 INFO com.ggj.platform.xconf.common.protocol.codec.CommandMessageEncoder [XconfClient-NioEventLoopGroup-pool-0] 发送的数据包大小为:95
2020-06-08 20:37:14,559 INFO com.ggj.platform.xconf.common.protocol.codec.CommandMessageDecoder [XconfClient-NioEventLoopGroup-pool-0] 接受的数据包大小为:118
2020-06-08 20:37:14,562 INFO com.ggj.platform.xconf.client.netty.handler.ClientHandler [XconfClient-NioEventLoopGroup-pool-0] client send msg:null
2020-06-08 20:37:59,568 INFO com.ggj.platform.xconf.common.protocol.codec.CommandMessageEncoder [XconfClient-NioEventLoopGroup-pool-0] 发送的数据包大小为:147
2020-06-08 20:38:14,557 INFO com.ggj.platform.xconf.common.protocol.codec.CommandMessageEncoder [XconfClient-NioEventLoopGroup-pool-0] 发送的数据包大小为:95
2020-06-08 20:38:14,567 INFO com.ggj.platform.xconf.common.protocol.codec.CommandMessageDecoder [XconfClient-NioEventLoopGroup-pool-0] 接受的数据包大小为:118
2020-06-08 20:38:14,568 INFO com.ggj.platform.xconf.client.netty.handler.ClientHandler [XconfClient-NioEventLoopGroup-pool-0] client send msg:null
2020-06-08 20:38:59,574 INFO com.ggj.platform.xconf.common.protocol.codec.CommandMessageEncoder [XconfClient-NioEventLoopGroup-pool-0] 发送的数据包大小为:147
2020-06-08 20:39:14,603 INFO com.ggj.platform.xconf.common.protocol.codec.CommandMessageEncoder [XconfClient-NioEventLoopGroup-pool-0] 发送的数据包大小为:95
2020-06-08 20:39:14,617 INFO com.ggj.platform.xconf.common.protocol.codec.CommandMessageDecoder [XconfClient-NioEventLoopGroup-pool-0] 接受的数据包大小为:118
2020-06-08 20:39:14,621 INFO com.ggj.platform.xconf.client.netty.handler.ClientHandler [XconfClient-NioEventLoopGroup-pool-0] client send msg:null
2020-06-08 20:39:59,626 INFO com.ggj.platform.xconf.common.protocol.codec.CommandMessageEncoder [XconfClient-NioEventLoopGroup-pool-0] 发送的数据包大小为:147
2020-06-08 20:40:14,623 INFO com.ggj.platform.xconf.common.protocol.codec.CommandMessageEncoder [XconfClient-NioEventLoopGroup-pool-0] 发送的数据包大小为:95
2020-06-08 20:40:14,630 INFO com.ggj.platform.xconf.common.protocol.codec.CommandMessageDecoder [XconfClient-NioEventLoopGroup-pool-0] 接受的数据包大小为:118
2020-06-08 20:40:14,633 INFO com.ggj.platform.xconf.client.netty.handler.ClientHandler [XconfClient-NioEventLoopGroup-pool-0] client send msg:null
2020-06-08 20:40:59,637 INFO com.ggj.platform.xconf.common.protocol.codec.CommandMessageEncoder [XconfClient-NioEventLoopGroup-pool-0] 发送的数据包大小为:147
2020-06-08 20:41:14,639 INFO com.ggj.platform.xconf.common.protocol.codec.CommandMessageEncoder [XconfClient-NioEventLoopGroup-pool-0] 发送的数据包大小为:95
2020-06-08 20:41:14,654 INFO com.ggj.platform.xconf.common.protocol.codec.CommandMessageDecoder [XconfClient-NioEventLoopGroup-pool-0] 接受的数据包大小为:118
2020-06-08 20:41:14,656 INFO com.ggj.platform.xconf.client.netty.handler.ClientHandler [XconfClient-NioEventLoopGroup-pool-0] client send msg:null
2020-06-08 20:41:59,660 INFO com.ggj.platform.xconf.common.protocol.codec.CommandMessageEncoder [XconfClient-NioEventLoopGroup-pool-0] 发送的数据包大小为:147
2020-06-08 20:42:14,660 INFO com.ggj.platform.xconf.common.protocol.codec.CommandMessageEncoder [XconfClient-NioEventLoopGroup-pool-0] 发送的数据包大小为:95
2020-06-08 20:42:14,669 INFO com.ggj.platform.xconf.common.protocol.codec.CommandMessageDecoder [XconfClient-NioEventLoopGroup-pool-0] 接受的数据包大小为:118
2020-06-08 20:42:14,671 INFO com.ggj.platform.xconf.client.netty.handler.ClientHandler [XconfClient-NioEventLoopGroup-pool-0] client send msg:null
2020-06-08 20:42:59,674 INFO com.ggj.platform.xconf.common.protocol.codec.CommandMessageEncoder [XconfClient-NioEventLoopGroup-pool-0] 发送的数据包大小为:147
2020-06-08 20:43:14,675 INFO com.ggj.platform.xconf.common.protocol.codec.CommandMessageEncoder [XconfClient-NioEventLoopGroup-pool-0] 发送的数据包大小为:95
2020-06-08 20:43:14,685 INFO com.ggj.platform.xconf.common.protocol.codec.CommandMessageDecoder [XconfClient-NioEventLoopGroup-pool-0] 接受的数据包大小为:118
2020-06-08 20:43:14,687 INFO com.ggj.platform.xconf.client.netty.handler.ClientHandler [XconfClient-NioEventLoopGroup-pool-0] client send msg:null
2020-06-08 20:43:59,693 INFO com.ggj.platform.xconf.common.protocol.codec.CommandMessageEncoder [XconfClient-NioEventLoopGroup-pool-0] 发送的数据包大小为:147
2020-06-08 20:44:14,682 INFO com.ggj.platform.xconf.common.protocol.codec.CommandMessageEncoder [XconfClient-NioEventLoopGroup-pool-0] 发送的数据包大小为:95
2020-06-08 20:44:14,691 INFO com.ggj.platform.xconf.common.protocol.codec.CommandMessageDecoder [XconfClient-NioEventLoopGroup-pool-0] 接受的数据包大小为:118
2020-06-08 20:44:14,692 INFO com.ggj.platform.xconf.client.netty.handler.ClientHandler [XconfClient-NioEventLoopGroup-pool-0] client send msg:null
2020-06-08 20:44:59,700 INFO com.ggj.platform.xconf.common.protocol.codec.CommandMessageEncoder [XconfClient-NioEventLoopGroup-pool-0] 发送的数据包大小为:147
2020-06-08 20:45:14,690 INFO com.ggj.platform.xconf.common.protocol.codec.CommandMessageEncoder [XconfClient-NioEventLoopGroup-pool-0] 发送的数据包大小为:95
2020-06-08 20:45:14,704 INFO com.ggj.platform.xconf.common.protocol.codec.CommandMessageDecoder [XconfClient-NioEventLoopGroup-pool-0] 接受的数据包大小为:118
2020-06-08 20:45:14,707 INFO com.ggj.platform.xconf.client.netty.handler.ClientHandler [XconfClient-NioEventLoopGroup-pool-0] client send msg:null
2020-06-08 20:45:59,716 INFO com.ggj.platform.xconf.common.protocol.codec.CommandMessageEncoder [XconfClient-NioEventLoopGroup-pool-0] 发送的数据包大小为:147
2020-06-08 20:46:14,709 INFO com.ggj.platform.xconf.common.protocol.codec.CommandMessageEncoder [XconfClient-NioEventLoopGroup-pool-0] 发送的数据包大小为:95
2020-06-08 20:46:14,732 INFO com.ggj.platform.xconf.common.protocol.codec.CommandMessageDecoder [XconfClient-NioEventLoopGroup-pool-0] 接受的数据包大小为:118
2020-06-08 20:46:14,735 INFO com.ggj.platform.xconf.client.netty.handler.ClientHandler [XconfClient-NioEventLoopGroup-pool-0] client send msg:null
2020-06-08 20:46:59,741 INFO com.ggj.platform.xconf.common.protocol.codec.CommandMessageEncoder [XconfClient-NioEventLoopGroup-pool-0] 发送的数据包大小为:147
2020-06-08 20:47:14,739 INFO com.ggj.platform.xconf.common.protocol.codec.CommandMessageEncoder [XconfClient-NioEventLoopGroup-pool-0] 发送的数据包大小为:95
2020-06-08 20:47:14,747 INFO com.ggj.platform.xconf.common.protocol.codec.CommandMessageDecoder [XconfClient-NioEventLoopGroup-pool-0] 接受的数据包大小为:118
2020-06-08 20:47:14,749 INFO com.ggj.platform.xconf.client.netty.handler.ClientHandler [XconfClient-NioEventLoopGroup-pool-0] client send msg:null
2020-06-08 20:47:59,755 INFO com.ggj.platform.xconf.common.protocol.codec.CommandMessageEncoder [XconfClient-NioEventLoopGroup-pool-0] 发送的数据包大小为:147
2020-06-08 20:48:14,761 INFO com.ggj.platform.xconf.common.protocol.codec.CommandMessageEncoder [XconfClient-NioEventLoopGroup-pool-0] 发送的数据包大小为:95
2020-06-08 20:48:14,770 INFO com.ggj.platform.xconf.common.protocol.codec.CommandMessageDecoder [XconfClient-NioEventLoopGroup-pool-0] 接受的数据包大小为:118
2020-06-08 20:48:14,777 INFO com.ggj.platform.xconf.client.netty.handler.ClientHandler [XconfClient-NioEventLoopGroup-pool-0] client send msg:null
2020-06-08 20:48:59,782 INFO com.ggj.platform.xconf.common.protocol.codec.CommandMessageEncoder [XconfClient-NioEventLoopGroup-pool-0] 发送的数据包大小为:147
2020-06-08 20:49:14,770 INFO com.ggj.platform.xconf.common.protocol.codec.CommandMessageEncoder [XconfClient-NioEventLoopGroup-pool-0] 发送的数据包大小为:95
2020-06-08 20:49:14,787 INFO com.ggj.platform.xconf.common.protocol.codec.CommandMessageDecoder [XconfClient-NioEventLoopGroup-pool-0] 接受的数据包大小为:118
2020-06-08 20:49:14,788 INFO com.ggj.platform.xconf.client.netty.handler.ClientHandler [XconfClient-NioEventLoopGroup-pool-0] client send msg:null
2020-06-08 20:49:59,793 INFO com.ggj.platform.xconf.common.protocol.codec.CommandMessageEncoder [XconfClient-NioEventLoopGroup-pool-0] 发送的数据包大小为:147
2020-06-08 20:50:14,793 INFO com.ggj.platform.xconf.common.protocol.codec.CommandMessageEncoder [XconfClient-NioEventLoopGroup-pool-0] 发送的数据包大小为:95
2020-06-08 20:50:14,807 INFO com.ggj.platform.xconf.common.protocol.codec.CommandMessageDecoder [XconfClient-NioEventLoopGroup-pool-0] 接受的数据包大小为:118
2020-06-08 20:50:14,810 INFO com.ggj.platform.xconf.client.netty.handler.ClientHandler [XconfClient-NioEventLoopGroup-pool-0] client send msg:null
2020-06-08 20:50:59,816 INFO com.ggj.platform.xconf.common.protocol.codec.CommandMessageEncoder [XconfClient-NioEventLoopGroup-pool-0] 发送的数据包大小为:147
2020-06-08 20:51:14,843 INFO com.ggj.platform.xconf.common.protocol.codec.CommandMessageEncoder [XconfClient-NioEventLoopGroup-pool-0] 发送的数据包大小为:95
2020-06-08 20:51:14,860 INFO com.ggj.platform.xconf.common.protocol.codec.CommandMessageDecoder [XconfClient-NioEventLoopGroup-pool-0] 接受的数据包大小为:118
2020-06-08 20:51:14,862 INFO com.ggj.platform.xconf.client.netty.handler.ClientHandler [XconfClient-NioEventLoopGroup-pool-0] client send msg:null
2020-06-08 20:51:59,866 INFO com.ggj.platform.xconf.common.protocol.codec.CommandMessageEncoder [XconfClient-NioEventLoopGroup-pool-0] 发送的数据包大小为:147
2020-06-08 20:52:14,871 INFO com.ggj.platform.xconf.common.protocol.codec.CommandMessageEncoder [XconfClient-NioEventLoopGroup-pool-0] 发送的数据包大小为:95
2020-06-08 20:52:14,882 INFO com.ggj.platform.xconf.common.protocol.codec.CommandMessageDecoder [XconfClient-NioEventLoopGroup-pool-0] 接受的数据包大小为:118
2020-06-08 20:52:14,884 INFO com.ggj.platform.xconf.client.netty.handler.ClientHandler [XconfClient-NioEventLoopGroup-pool-0] client send msg:null
2020-06-08 20:52:59,888 INFO com.ggj.platform.xconf.common.protocol.codec.CommandMessageEncoder [XconfClient-NioEventLoopGroup-pool-0] 发送的数据包大小为:147
2020-06-08 20:53:14,879 INFO com.ggj.platform.xconf.common.protocol.codec.CommandMessageEncoder [XconfClient-NioEventLoopGroup-pool-0] 发送的数据包大小为:95
2020-06-08 20:53:14,887 INFO com.ggj.platform.xconf.common.protocol.codec.CommandMessageDecoder [XconfClient-NioEventLoopGroup-pool-0] 接受的数据包大小为:118
2020-06-08 20:53:14,888 INFO com.ggj.platform.xconf.client.netty.handler.ClientHandler [XconfClient-NioEventLoopGroup-pool-0] client send msg:null
2020-06-08 20:53:59,894 INFO com.ggj.platform.xconf.common.protocol.codec.CommandMessageEncoder [XconfClient-NioEventLoopGroup-pool-0] 发送的数据包大小为:147
2020-06-08 20:54:14,891 INFO com.ggj.platform.xconf.common.protocol.codec.CommandMessageEncoder [XconfClient-NioEventLoopGroup-pool-0] 发送的数据包大小为:95
2020-06-08 20:54:14,901 INFO com.ggj.platform.xconf.common.protocol.codec.CommandMessageDecoder [XconfClient-NioEventLoopGroup-pool-0] 接受的数据包大小为:118
2020-06-08 20:54:14,905 INFO com.ggj.platform.xconf.client.netty.handler.ClientHandler [XconfClient-NioEventLoopGroup-pool-0] client send msg:null
2020-06-08 20:54:59,908 INFO com.ggj.platform.xconf.common.protocol.codec.CommandMessageEncoder [XconfClient-NioEventLoopGroup-pool-0] 发送的数据包大小为:147
2020-06-08 20:55:14,911 INFO com.ggj.platform.xconf.common.protocol.codec.CommandMessageEncoder [XconfClient-NioEventLoopGroup-pool-0] 发送的数据包大小为:95
2020-06-08 20:55:15,405 INFO com.ggj.platform.xconf.common.protocol.codec.CommandMessageDecoder [XconfClient-NioEventLoopGroup-pool-0] 接受的数据包大小为:118
2020-06-08 20:55:15,442 INFO com.ggj.platform.xconf.client.netty.handler.ClientHandler [XconfClient-NioEventLoopGroup-pool-0] client send msg:null
2020-06-08 20:56:00,444 INFO com.ggj.platform.xconf.common.protocol.codec.CommandMessageEncoder [XconfClient-NioEventLoopGroup-pool-0] 发送的数据包大小为:147
2020-06-08 20:56:14,921 INFO com.ggj.platform.xconf.common.protocol.codec.CommandMessageEncoder [XconfClient-NioEventLoopGroup-pool-0] 发送的数据包大小为:95
2020-06-08 20:56:14,928 INFO com.ggj.platform.xconf.common.protocol.codec.CommandMessageDecoder [XconfClient-NioEventLoopGroup-pool-0] 接受的数据包大小为:118
2020-06-08 20:56:14,931 INFO com.ggj.platform.xconf.client.netty.handler.ClientHandler [XconfClient-NioEventLoopGroup-pool-0] client send msg:null
2020-06-08 20:56:59,937 INFO com.ggj.platform.xconf.common.protocol.codec.CommandMessageEncoder [XconfClient-NioEventLoopGroup-pool-0] 发送的数据包大小为:147
2020-06-08 20:57:14,931 INFO com.ggj.platform.xconf.common.protocol.codec.CommandMessageEncoder [XconfClient-NioEventLoopGroup-pool-0] 发送的数据包大小为:95
2020-06-08 20:57:14,948 INFO com.ggj.platform.xconf.common.protocol.codec.CommandMessageDecoder [XconfClient-NioEventLoopGroup-pool-0] 接受的数据包大小为:118
2020-06-08 20:57:14,950 INFO com.ggj.platform.xconf.client.netty.handler.ClientHandler [XconfClient-NioEventLoopGroup-pool-0] client send msg:null
2020-06-08 20:57:59,954 INFO com.ggj.platform.xconf.common.protocol.codec.CommandMessageEncoder [XconfClient-NioEventLoopGroup-pool-0] 发送的数据包大小为:147
2020-06-08 20:58:14,948 INFO com.ggj.platform.xconf.common.protocol.codec.CommandMessageEncoder [XconfClient-NioEventLoopGroup-pool-0] 发送的数据包大小为:95
2020-06-08 20:58:14,955 INFO com.ggj.platform.xconf.common.protocol.codec.CommandMessageDecoder [XconfClient-NioEventLoopGroup-pool-0] 接受的数据包大小为:118
2020-06-08 20:58:14,957 INFO com.ggj.platform.xconf.client.netty.handler.ClientHandler [XconfClient-NioEventLoopGroup-pool-0] client send msg:null
2020-06-08 20:58:59,963 INFO com.ggj.platform.xconf.common.protocol.codec.CommandMessageEncoder [XconfClient-NioEventLoopGroup-pool-0] 发送的数据包大小为:147
2020-06-08 20:59:14,961 INFO com.ggj.platform.xconf.common.protocol.codec.CommandMessageEncoder [XconfClient-NioEventLoopGroup-pool-0] 发送的数据包大小为:95
2020-06-08 20:59:14,968 INFO com.ggj.platform.xconf.common.protocol.codec.CommandMessageDecoder [XconfClient-NioEventLoopGroup-pool-0] 接受的数据包大小为:118
2020-06-08 20:59:14,970 INFO com.ggj.platform.xconf.client.netty.handler.ClientHandler [XconfClient-NioEventLoopGroup-pool-0] client send msg:null
2020-06-08 20:59:59,975 INFO com.ggj.platform.xconf.common.protocol.codec.CommandMessageEncoder [XconfClient-NioEventLoopGroup-pool-0] 发送的数据包大小为:147
2020-06-08 21:00:14,978 INFO com.ggj.platform.xconf.common.protocol.codec.CommandMessageEncoder [XconfClient-NioEventLoopGroup-pool-0] 发送的数据包大小为:95
2020-06-08 21:00:14,987 INFO com.ggj.platform.xconf.common.protocol.codec.CommandMessageDecoder [XconfClient-NioEventLoopGroup-pool-0] 接受的数据包大小为:118
2020-06-08 21:00:14,988 INFO com.ggj.platform.xconf.client.netty.handler.ClientHandler [XconfClient-NioEventLoopGroup-pool-0] client send msg:null
2020-06-08 21:00:59,993 INFO com.ggj.platform.xconf.common.protocol.codec.CommandMessageEncoder [XconfClient-NioEventLoopGroup-pool-0] 发送的数据包大小为:147
2020-06-08 21:01:14,991 INFO com.ggj.platform.xconf.common.protocol.codec.CommandMessageEncoder [XconfClient-NioEventLoopGroup-pool-0] 发送的数据包大小为:95
2020-06-08 21:01:15,000 INFO com.ggj.platform.xconf.common.protocol.codec.CommandMessageDecoder [XconfClient-NioEventLoopGroup-pool-0] 接受的数据包大小为:118
2020-06-08 21:01:15,002 INFO com.ggj.platform.xconf.client.netty.handler.ClientHandler [XconfClient-NioEventLoopGroup-pool-0] client send msg:null
2020-06-08 21:02:00,005 INFO com.ggj.platform.xconf.common.protocol.codec.CommandMessageEncoder [XconfClient-NioEventLoopGroup-pool-0] 发送的数据包大小为:147
2020-06-08 21:02:14,997 INFO com.ggj.platform.xconf.common.protocol.codec.CommandMessageEncoder [XconfClient-NioEventLoopGroup-pool-0] 发送的数据包大小为:95
2020-06-08 21:02:15,008 INFO com.ggj.platform.xconf.common.protocol.codec.CommandMessageDecoder [XconfClient-NioEventLoopGroup-pool-0] 接受的数据包大小为:118
2020-06-08 21:02:15,010 INFO com.ggj.platform.xconf.client.netty.handler.ClientHandler [XconfClient-NioEventLoopGroup-pool-0] client send msg:null
2020-06-08 21:03:00,015 INFO com.ggj.platform.xconf.common.protocol.codec.CommandMessageEncoder [XconfClient-NioEventLoopGroup-pool-0] 发送的数据包大小为:147
2020-06-08 21:03:15,006 INFO com.ggj.platform.xconf.common.protocol.codec.CommandMessageEncoder [XconfClient-NioEventLoopGroup-pool-0] 发送的数据包大小为:95
2020-06-08 21:03:15,015 INFO com.ggj.platform.xconf.common.protocol.codec.CommandMessageDecoder [XconfClient-NioEventLoopGroup-pool-0] 接受的数据包大小为:118
2020-06-08 21:03:15,018 INFO com.ggj.platform.xconf.client.netty.handler.ClientHandler [XconfClient-NioEventLoopGroup-pool-0] client send msg:null
2020-06-08 21:36:21,837 INFO com.ggj.platform.xconf.common.protocol.codec.CommandMessageEncoder [XconfClient-NioEventLoopGroup-pool-0] 发送的数据包大小为:147
2020-06-08 21:36:28,157 WARN com.zaxxer.hikari.pool.HikariPool$HouseKeeper [HikariPool-1 housekeeper] HikariPool-1 - Thread starvation or clock leap detected (housekeeper delta=32m51s816ms).
2020-06-08 21:36:36,849 INFO com.ggj.platform.xconf.common.protocol.codec.CommandMessageEncoder [XconfClient-NioEventLoopGroup-pool-0] 发送的数据包大小为:95
2020-06-08 22:30:05,239 ERROR com.ggj.platform.xconf.client.netty.handler.ClientHandler [XconfClient-NioEventLoopGroup-pool-0] 连接出现异常:Operation timed out,e:{}
java.io.IOException: Operation timed out
	at sun.nio.ch.FileDispatcherImpl.read0(Native Method)
	at sun.nio.ch.SocketDispatcher.read(SocketDispatcher.java:39)
	at sun.nio.ch.IOUtil.readIntoNativeBuffer(IOUtil.java:223)
	at sun.nio.ch.IOUtil.read(IOUtil.java:192)
	at sun.nio.ch.SocketChannelImpl.read(SocketChannelImpl.java:380)
	at io.netty.buffer.PooledByteBuf.setBytes(PooledByteBuf.java:253)
	at io.netty.buffer.AbstractByteBuf.writeBytes(AbstractByteBuf.java:1133)
	at io.netty.channel.socket.nio.NioSocketChannel.doReadBytes(NioSocketChannel.java:350)
	at io.netty.channel.nio.AbstractNioByteChannel$NioByteUnsafe.read(AbstractNioByteChannel.java:148)
	at io.netty.channel.nio.NioEventLoop.processSelectedKey(NioEventLoop.java:714)
	at io.netty.channel.nio.NioEventLoop.processSelectedKeysOptimized(NioEventLoop.java:650)
	at io.netty.channel.nio.NioEventLoop.processSelectedKeys(NioEventLoop.java:576)
	at io.netty.channel.nio.NioEventLoop.run(NioEventLoop.java:493)
	at io.netty.util.concurrent.SingleThreadEventExecutor$4.run(SingleThreadEventExecutor.java:989)
	at io.netty.util.internal.ThreadExecutorMap$2.run(ThreadExecutorMap.java:74)
	at java.lang.Thread.run(Thread.java:748)
2020-06-08 22:30:05,545 WARN com.ggj.platform.xconf.client.netty.handler.ClientHandler [XconfClient-NioEventLoopGroup-pool-0] client->server 通道断开了
2020-06-08 22:30:21,594 WARN com.zaxxer.hikari.pool.HikariPool$HouseKeeper [HikariPool-1 housekeeper] HikariPool-1 - Thread starvation or clock leap detected (housekeeper delta=53m21s938ms).
2020-06-08 22:30:28,787 WARN com.ggj.platform.xconf.client.netty.NettyClient [XconfClient-ScheduleSync-pool-2] serverChannel isn't active
2020-06-08 22:30:29,007 ERROR com.ggj.platform.xconf.client.netty.channel.ServerChannelHolder [XconfClient-ScheduleSync-pool-2] 连接Server(IP[120.55.196.18],PORT[16520])失败
io.netty.channel.AbstractChannel$AnnotatedSocketException: Network is unreachable: /120.55.196.18:16520
Caused by: java.net.SocketException: Network is unreachable
	at sun.nio.ch.Net.connect0(Native Method)
	at sun.nio.ch.Net.connect(Net.java:454)
	at sun.nio.ch.Net.connect(Net.java:446)
	at sun.nio.ch.SocketChannelImpl.connect(SocketChannelImpl.java:648)
	at io.netty.util.internal.SocketUtils$3.run(SocketUtils.java:91)
	at io.netty.util.internal.SocketUtils$3.run(SocketUtils.java:88)
	at java.security.AccessController.doPrivileged(Native Method)
	at io.netty.util.internal.SocketUtils.connect(SocketUtils.java:88)
	at io.netty.channel.socket.nio.NioSocketChannel.doConnect(NioSocketChannel.java:315)
	at io.netty.channel.nio.AbstractNioChannel$AbstractNioUnsafe.connect(AbstractNioChannel.java:248)
	at io.netty.channel.DefaultChannelPipeline$HeadContext.connect(DefaultChannelPipeline.java:1342)
	at io.netty.channel.AbstractChannelHandlerContext.invokeConnect(AbstractChannelHandlerContext.java:548)
	at io.netty.channel.AbstractChannelHandlerContext.connect(AbstractChannelHandlerContext.java:533)
	at io.netty.channel.AbstractChannelHandlerContext.connect(AbstractChannelHandlerContext.java:517)
	at io.netty.channel.DefaultChannelPipeline.connect(DefaultChannelPipeline.java:978)
	at io.netty.channel.AbstractChannel.connect(AbstractChannel.java:253)
	at io.netty.bootstrap.Bootstrap$3.run(Bootstrap.java:250)
	at io.netty.util.concurrent.AbstractEventExecutor.safeExecute$$$capture(AbstractEventExecutor.java:164)
	at io.netty.util.concurrent.AbstractEventExecutor.safeExecute(AbstractEventExecutor.java)
	at io.netty.util.concurrent.SingleThreadEventExecutor.runAllTasks(SingleThreadEventExecutor.java:472)
	at io.netty.channel.nio.NioEventLoop.run(NioEventLoop.java:500)
	at io.netty.util.concurrent.SingleThreadEventExecutor$4.run(SingleThreadEventExecutor.java:989)
	at io.netty.util.internal.ThreadExecutorMap$2.run(ThreadExecutorMap.java:74)
	at java.lang.Thread.run(Thread.java:748)
