2020-05-27 20:36:46,422 INFO com.alibaba.boot.dubbo.context.event.WelcomeLogoApplicationListener [main] 

 :: Dubbo Spring Boot (v0.2.0) : https://github.com/apache/incubator-dubbo-spring-boot-project
 :: Dubbo (v2.6.2) : https://github.com/apache/incubator-dubbo
 :: Google group : dev@dubbo.incubator.apache.org

2020-05-27 20:36:46,448 INFO com.alibaba.boot.dubbo.context.event.OverrideDubboConfigApplicationListener [main] Dubbo Config was overridden by externalized configuration {dubbo.application.author=muyi, dubbo.application.name=big-monster, dubbo.consumer.timeout=5000, dubbo.registry.address=47.99.2.51:2181,47.99.2.51:2182,47.99.2.51:2183}
2020-05-27 20:36:52,318 WARN org.springframework.boot.StartupInfoLogger [main] InetAddress.getLocalHost().getHostName() took 5003 milliseconds to respond. Please verify your network configuration (macOS machines may need to add entries to /etc/hosts).
2020-05-27 20:36:57,406 INFO org.springframework.boot.StartupInfoLogger [main] Starting BigMonsterApplication on MacBook-Pro-2.local with PID 18161 (/Users/changfeng/work/code/big-monster/monster-web/target/classes started by changfeng in /Users/changfeng/work/code/big-monster)
2020-05-27 20:36:57,409 INFO org.springframework.boot.SpringApplication [main] No active profile set, falling back to default profiles: default
2020-05-27 20:37:00,512 INFO org.jacoco.agent.rt.internal_d1e6987.core.internal.flow.GitDiff [main] >>> Diffed Classname >>> com/muyi/bigMonster/controller/DiffController

2020-05-27 20:37:00,535 INFO org.jacoco.agent.rt.internal_d1e6987.core.internal.flow.GitDiff [main] >>> Diffed Classname >>> com/muyi/bigMonster/controller/LiveToolsController

2020-05-27 20:37:00,545 INFO org.jacoco.agent.rt.internal_d1e6987.core.internal.flow.GitDiff [main] >>> Diffed Classname >>> com/muyi/bigMonster/controller/WebToolsController

2020-05-27 20:37:00,557 INFO org.jacoco.agent.rt.internal_d1e6987.core.internal.flow.GitDiff [main] >>> Diffed Classname >>> com/muyi/bigMonster/service/DataService

2020-05-27 20:37:00,562 INFO org.jacoco.agent.rt.internal_d1e6987.core.internal.flow.GitDiff [main] >>> Diffed Classname >>> com/muyi/bigMonster/service/DiffService

2020-05-27 20:37:00,576 INFO org.jacoco.agent.rt.internal_d1e6987.core.internal.flow.GitDiff [main] >>> Diffed Classname >>> com/muyi/bigMonster/service/DubboBean2SpringBean

2020-05-27 20:37:00,581 INFO org.jacoco.agent.rt.internal_d1e6987.core.internal.flow.GitDiff [main] >>> Diffed Classname >>> com/muyi/bigMonster/service/WebToolsService

2020-05-27 20:37:03,936 INFO org.springframework.context.support.PostProcessorRegistrationDelegate$BeanPostProcessorChecker [main] Bean 'com.alibaba.boot.dubbo.autoconfigure.DubboAutoConfiguration' of type [com.alibaba.boot.dubbo.autoconfigure.DubboAutoConfiguration$$EnhancerBySpringCGLIB$$d8a92bcb] is not eligible for getting processed by all BeanPostProcessors (for example: not eligible for auto-proxying)
2020-05-27 20:37:04,045 INFO org.jacoco.agent.rt.internal_d1e6987.core.internal.flow.GitDiff [main] >>> Diffed Classname >>> com/muyi/bigMonster/mapper/daily2drds/PBuyerResourceMapper

2020-05-27 20:37:04,391 INFO org.springframework.context.support.PostProcessorRegistrationDelegate$BeanPostProcessorChecker [main] Bean 'com.ggj.platform.gsf.monitor.config.GsfMonitorFilterAutoConfiguration' of type [com.ggj.platform.gsf.monitor.config.GsfMonitorFilterAutoConfiguration$$EnhancerBySpringCGLIB$$878c61f3] is not eligible for getting processed by all BeanPostProcessors (for example: not eligible for auto-proxying)
2020-05-27 20:37:04,646 INFO org.springframework.context.support.PostProcessorRegistrationDelegate$BeanPostProcessorChecker [main] Bean 'xconfClientConfiguration' of type [com.muyi.bigMonster.config.XconfClientConfiguration$$EnhancerBySpringCGLIB$$c211f60e] is not eligible for getting processed by all BeanPostProcessors (for example: not eligible for auto-proxying)
2020-05-27 20:37:05,648 INFO com.ggj.platform.xconf.client.entry.connection.XconfClient [main] sqlite存储目录为:/Users/changfeng/.xconf
2020-05-27 20:37:06,409 INFO com.ggj.platform.xconf.client.store.persistence.SqliteStoreHelper [main] 初始化表成功(如果表存在,不会重新创建)
2020-05-27 20:37:12,885 INFO com.ggj.platform.xconf.client.netty.channel.ServerChannelHolder [main] connect 120.55.196.18:16520 server success
2020-05-27 20:37:12,897 INFO com.ggj.platform.xconf.client.netty.handler.ClientHandler [XconfClient-NioEventLoopGroup-pool-0] client->server 通道连接成功
2020-05-27 20:37:13,666 INFO com.ggj.platform.xconf.common.protocol.codec.CommandMessageEncoder [XconfClient-NioEventLoopGroup-pool-0] 发送的数据包大小为:95
2020-05-27 20:37:13,775 INFO com.ggj.platform.xconf.common.protocol.codec.CommandMessageDecoder [XconfClient-NioEventLoopGroup-pool-0] 接受的数据包大小为:118
2020-05-27 20:37:14,536 INFO com.ggj.platform.xconf.client.netty.sync.ClientSyncData [main] await sync done
2020-05-27 20:37:14,536 INFO com.ggj.platform.xconf.client.netty.NettyClient [main] 同步数据结果:true
2020-05-27 20:37:14,536 INFO com.ggj.platform.xconf.client.netty.sync.ClientSyncData$1 [XconfClient-NioEventLoopGroup-pool-0] await sync complete
2020-05-27 20:37:14,536 INFO com.ggj.platform.xconf.client.netty.handler.ClientHandler [XconfClient-NioEventLoopGroup-pool-0] client send msg:null
2020-05-27 20:37:14,579 INFO org.springframework.context.support.PostProcessorRegistrationDelegate$BeanPostProcessorChecker [main] Bean 'relaxedDubboConfigBinder' of type [com.alibaba.boot.dubbo.autoconfigure.RelaxedDubboConfigBinder] is not eligible for getting processed by all BeanPostProcessors (for example: not eligible for auto-proxying)
2020-05-27 20:37:14,580 INFO org.springframework.context.support.PostProcessorRegistrationDelegate$BeanPostProcessorChecker [main] Bean 'relaxedDubboConfigBinder' of type [com.alibaba.boot.dubbo.autoconfigure.RelaxedDubboConfigBinder] is not eligible for getting processed by all BeanPostProcessors (for example: not eligible for auto-proxying)
2020-05-27 20:37:14,581 INFO org.springframework.context.support.PostProcessorRegistrationDelegate$BeanPostProcessorChecker [main] Bean 'relaxedDubboConfigBinder' of type [com.alibaba.boot.dubbo.autoconfigure.RelaxedDubboConfigBinder] is not eligible for getting processed by all BeanPostProcessors (for example: not eligible for auto-proxying)
2020-05-27 20:37:15,774 INFO org.springframework.boot.web.embedded.tomcat.TomcatWebServer [main] Tomcat initialized with port(s): 9999 (http)
2020-05-27 20:37:15,848 INFO org.apache.juli.logging.DirectJDKLog [main] Initializing ProtocolHandler ["http-nio-9999"]
2020-05-27 20:37:15,848 INFO org.apache.juli.logging.DirectJDKLog [main] Starting service [Tomcat]
2020-05-27 20:37:15,848 INFO org.apache.juli.logging.DirectJDKLog [main] Starting Servlet engine: [Apache Tomcat/9.0.35]
2020-05-27 20:37:16,253 INFO org.apache.juli.logging.DirectJDKLog [main] Initializing Spring embedded WebApplicationContext
2020-05-27 20:37:16,253 INFO org.springframework.boot.web.servlet.context.ServletWebServerApplicationContext [main] Root WebApplicationContext: initialization completed in 18368 ms
2020-05-27 20:37:17,545 INFO com.ggj.platform.xconf.common.protocol.codec.CommandMessageEncoder [XconfClient-NioEventLoopGroup-pool-0] 发送的数据包大小为:95
2020-05-27 20:37:17,579 INFO com.ggj.platform.xconf.common.protocol.codec.CommandMessageDecoder [XconfClient-NioEventLoopGroup-pool-0] 接受的数据包大小为:118
2020-05-27 20:37:17,581 INFO com.ggj.platform.xconf.client.netty.handler.ClientHandler [XconfClient-NioEventLoopGroup-pool-0] client send msg:null
2020-05-27 20:37:30,718 INFO org.springframework.scheduling.concurrent.ExecutorConfigurationSupport [main] Initializing ExecutorService 'applicationTaskExecutor'
2020-05-27 20:37:31,656 INFO org.apache.juli.logging.DirectJDKLog [main] Starting ProtocolHandler ["http-nio-9999"]
2020-05-27 20:37:31,722 INFO org.springframework.boot.web.embedded.tomcat.TomcatWebServer [main] Tomcat started on port(s): 9999 (http) with context path '/monster'
2020-05-27 20:37:31,762 INFO org.springframework.boot.StartupInfoLogger [main] Started BigMonsterApplication in 59.636 seconds (JVM running for 73.865)
2020-05-27 20:38:02,781 INFO com.ggj.platform.xconf.common.protocol.codec.CommandMessageEncoder [XconfClient-NioEventLoopGroup-pool-0] 发送的数据包大小为:144
2020-05-27 20:38:17,547 INFO com.ggj.platform.xconf.common.protocol.codec.CommandMessageEncoder [XconfClient-NioEventLoopGroup-pool-0] 发送的数据包大小为:95
2020-05-27 20:38:17,583 INFO com.ggj.platform.xconf.common.protocol.codec.CommandMessageDecoder [XconfClient-NioEventLoopGroup-pool-0] 接受的数据包大小为:118
2020-05-27 20:38:17,585 INFO com.ggj.platform.xconf.client.netty.handler.ClientHandler [XconfClient-NioEventLoopGroup-pool-0] client send msg:null
2020-05-27 20:39:02,589 INFO com.ggj.platform.xconf.common.protocol.codec.CommandMessageEncoder [XconfClient-NioEventLoopGroup-pool-0] 发送的数据包大小为:144
2020-05-27 20:39:17,557 INFO com.ggj.platform.xconf.common.protocol.codec.CommandMessageEncoder [XconfClient-NioEventLoopGroup-pool-0] 发送的数据包大小为:95
2020-05-27 20:39:17,589 INFO com.ggj.platform.xconf.common.protocol.codec.CommandMessageDecoder [XconfClient-NioEventLoopGroup-pool-0] 接受的数据包大小为:118
2020-05-27 20:39:17,590 INFO com.ggj.platform.xconf.client.netty.handler.ClientHandler [XconfClient-NioEventLoopGroup-pool-0] client send msg:null
2020-05-27 20:40:02,593 INFO com.ggj.platform.xconf.common.protocol.codec.CommandMessageEncoder [XconfClient-NioEventLoopGroup-pool-0] 发送的数据包大小为:144
2020-05-27 20:40:17,559 INFO com.ggj.platform.xconf.common.protocol.codec.CommandMessageEncoder [XconfClient-NioEventLoopGroup-pool-0] 发送的数据包大小为:95
2020-05-27 20:40:17,597 INFO com.ggj.platform.xconf.common.protocol.codec.CommandMessageDecoder [XconfClient-NioEventLoopGroup-pool-0] 接受的数据包大小为:118
2020-05-27 20:40:17,598 INFO com.ggj.platform.xconf.client.netty.handler.ClientHandler [XconfClient-NioEventLoopGroup-pool-0] client send msg:null
2020-05-27 20:41:02,604 INFO com.ggj.platform.xconf.common.protocol.codec.CommandMessageEncoder [XconfClient-NioEventLoopGroup-pool-0] 发送的数据包大小为:144
2020-05-27 20:41:17,565 INFO com.ggj.platform.xconf.common.protocol.codec.CommandMessageEncoder [XconfClient-NioEventLoopGroup-pool-0] 发送的数据包大小为:95
2020-05-27 20:41:17,601 INFO com.ggj.platform.xconf.common.protocol.codec.CommandMessageDecoder [XconfClient-NioEventLoopGroup-pool-0] 接受的数据包大小为:118
2020-05-27 20:41:17,602 INFO com.ggj.platform.xconf.client.netty.handler.ClientHandler [XconfClient-NioEventLoopGroup-pool-0] client send msg:null
2020-05-27 20:41:31,102 INFO org.apache.juli.logging.DirectJDKLog [http-nio-9999-exec-1] Initializing Spring DispatcherServlet 'dispatcherServlet'
2020-05-27 20:41:31,103 INFO org.springframework.web.servlet.FrameworkServlet [http-nio-9999-exec-1] Initializing Servlet 'dispatcherServlet'
2020-05-27 20:41:31,151 INFO org.springframework.web.servlet.FrameworkServlet [http-nio-9999-exec-1] Completed initialization in 48 ms
2020-05-27 20:42:02,605 INFO com.ggj.platform.xconf.common.protocol.codec.CommandMessageEncoder [XconfClient-NioEventLoopGroup-pool-0] 发送的数据包大小为:144
2020-05-27 20:42:17,571 INFO com.ggj.platform.xconf.common.protocol.codec.CommandMessageEncoder [XconfClient-NioEventLoopGroup-pool-0] 发送的数据包大小为:95
2020-05-27 20:42:17,768 INFO com.ggj.platform.xconf.common.protocol.codec.CommandMessageDecoder [XconfClient-NioEventLoopGroup-pool-0] 接受的数据包大小为:118
2020-05-27 20:42:17,769 INFO com.ggj.platform.xconf.client.netty.handler.ClientHandler [XconfClient-NioEventLoopGroup-pool-0] client send msg:null
2020-05-27 20:42:25,886 INFO com.muyi.bigMonster.controller.WebToolsController [http-nio-9999-exec-3] buyerResourceId=140530000
time=2020-05-27 20:37:15
2020-05-27 20:42:25,887 INFO com.muyi.bigMonster.service.WebToolsService [http-nio-9999-exec-3] 
buyerResourceId=140530000
time=2020-05-27 20:37:15
2020-05-27 20:42:26,045 INFO com.zaxxer.hikari.HikariDataSource [http-nio-9999-exec-3] HikariPool-1 - Starting...
2020-05-27 20:42:29,846 INFO com.zaxxer.hikari.HikariDataSource [http-nio-9999-exec-3] HikariPool-1 - Start completed.
2020-05-27 20:43:02,774 INFO com.ggj.platform.xconf.common.protocol.codec.CommandMessageEncoder [XconfClient-NioEventLoopGroup-pool-0] 发送的数据包大小为:144
2020-05-27 20:43:17,573 INFO com.ggj.platform.xconf.common.protocol.codec.CommandMessageEncoder [XconfClient-NioEventLoopGroup-pool-0] 发送的数据包大小为:95
2020-05-27 20:43:17,728 INFO com.ggj.platform.xconf.common.protocol.codec.CommandMessageDecoder [XconfClient-NioEventLoopGroup-pool-0] 接受的数据包大小为:118
2020-05-27 20:43:17,729 INFO com.ggj.platform.xconf.client.netty.handler.ClientHandler [XconfClient-NioEventLoopGroup-pool-0] client send msg:null
2020-05-27 20:44:02,732 INFO com.ggj.platform.xconf.common.protocol.codec.CommandMessageEncoder [XconfClient-NioEventLoopGroup-pool-0] 发送的数据包大小为:144
2020-05-27 20:44:17,581 INFO com.ggj.platform.xconf.common.protocol.codec.CommandMessageEncoder [XconfClient-NioEventLoopGroup-pool-0] 发送的数据包大小为:95
2020-05-27 20:44:17,814 INFO com.ggj.platform.xconf.common.protocol.codec.CommandMessageDecoder [XconfClient-NioEventLoopGroup-pool-0] 接受的数据包大小为:118
2020-05-27 20:44:17,816 INFO com.ggj.platform.xconf.client.netty.handler.ClientHandler [XconfClient-NioEventLoopGroup-pool-0] client send msg:null
2020-05-27 20:44:34,647 INFO com.zaxxer.hikari.HikariDataSource [http-nio-9999-exec-6] HikariPool-2 - Starting...
2020-05-27 20:44:35,380 INFO com.zaxxer.hikari.HikariDataSource [http-nio-9999-exec-6] HikariPool-2 - Start completed.
2020-05-27 20:45:02,820 INFO com.ggj.platform.xconf.common.protocol.codec.CommandMessageEncoder [XconfClient-NioEventLoopGroup-pool-0] 发送的数据包大小为:144
2020-05-27 20:45:17,584 INFO com.ggj.platform.xconf.common.protocol.codec.CommandMessageEncoder [XconfClient-NioEventLoopGroup-pool-0] 发送的数据包大小为:95
2020-05-27 20:45:17,663 INFO com.ggj.platform.xconf.common.protocol.codec.CommandMessageDecoder [XconfClient-NioEventLoopGroup-pool-0] 接受的数据包大小为:118
2020-05-27 20:45:17,664 INFO com.ggj.platform.xconf.client.netty.handler.ClientHandler [XconfClient-NioEventLoopGroup-pool-0] client send msg:null
2020-05-27 20:46:02,669 INFO com.ggj.platform.xconf.common.protocol.codec.CommandMessageEncoder [XconfClient-NioEventLoopGroup-pool-0] 发送的数据包大小为:144
2020-05-27 20:46:17,588 INFO com.ggj.platform.xconf.common.protocol.codec.CommandMessageEncoder [XconfClient-NioEventLoopGroup-pool-0] 发送的数据包大小为:95
2020-05-27 20:46:17,621 INFO com.ggj.platform.xconf.common.protocol.codec.CommandMessageDecoder [XconfClient-NioEventLoopGroup-pool-0] 接受的数据包大小为:118
2020-05-27 20:46:17,622 INFO com.ggj.platform.xconf.client.netty.handler.ClientHandler [XconfClient-NioEventLoopGroup-pool-0] client send msg:null
2020-05-27 20:47:02,626 INFO com.ggj.platform.xconf.common.protocol.codec.CommandMessageEncoder [XconfClient-NioEventLoopGroup-pool-0] 发送的数据包大小为:144
2020-05-27 20:47:17,592 INFO com.ggj.platform.xconf.common.protocol.codec.CommandMessageEncoder [XconfClient-NioEventLoopGroup-pool-0] 发送的数据包大小为:95
2020-05-27 20:47:17,628 INFO com.ggj.platform.xconf.common.protocol.codec.CommandMessageDecoder [XconfClient-NioEventLoopGroup-pool-0] 接受的数据包大小为:118
2020-05-27 20:47:17,629 INFO com.ggj.platform.xconf.client.netty.handler.ClientHandler [XconfClient-NioEventLoopGroup-pool-0] client send msg:null
2020-05-27 20:48:02,631 INFO com.ggj.platform.xconf.common.protocol.codec.CommandMessageEncoder [XconfClient-NioEventLoopGroup-pool-0] 发送的数据包大小为:144
2020-05-27 20:48:17,597 INFO com.ggj.platform.xconf.common.protocol.codec.CommandMessageEncoder [XconfClient-NioEventLoopGroup-pool-0] 发送的数据包大小为:95
2020-05-27 20:48:17,630 INFO com.ggj.platform.xconf.common.protocol.codec.CommandMessageDecoder [XconfClient-NioEventLoopGroup-pool-0] 接受的数据包大小为:118
2020-05-27 20:48:17,632 INFO com.ggj.platform.xconf.client.netty.handler.ClientHandler [XconfClient-NioEventLoopGroup-pool-0] client send msg:null
2020-05-27 20:49:02,636 INFO com.ggj.platform.xconf.common.protocol.codec.CommandMessageEncoder [XconfClient-NioEventLoopGroup-pool-0] 发送的数据包大小为:144
2020-05-27 20:49:17,604 INFO com.ggj.platform.xconf.common.protocol.codec.CommandMessageEncoder [XconfClient-NioEventLoopGroup-pool-0] 发送的数据包大小为:95
2020-05-27 20:49:17,637 INFO com.ggj.platform.xconf.common.protocol.codec.CommandMessageDecoder [XconfClient-NioEventLoopGroup-pool-0] 接受的数据包大小为:118
2020-05-27 20:49:17,638 INFO com.ggj.platform.xconf.client.netty.handler.ClientHandler [XconfClient-NioEventLoopGroup-pool-0] client send msg:null
2020-05-27 20:50:02,641 INFO com.ggj.platform.xconf.common.protocol.codec.CommandMessageEncoder [XconfClient-NioEventLoopGroup-pool-0] 发送的数据包大小为:144
2020-05-27 20:50:17,612 INFO com.ggj.platform.xconf.common.protocol.codec.CommandMessageEncoder [XconfClient-NioEventLoopGroup-pool-0] 发送的数据包大小为:95
2020-05-27 20:50:17,645 INFO com.ggj.platform.xconf.common.protocol.codec.CommandMessageDecoder [XconfClient-NioEventLoopGroup-pool-0] 接受的数据包大小为:118
2020-05-27 20:50:17,647 INFO com.ggj.platform.xconf.client.netty.handler.ClientHandler [XconfClient-NioEventLoopGroup-pool-0] client send msg:null
2020-05-27 20:51:02,656 INFO com.ggj.platform.xconf.common.protocol.codec.CommandMessageEncoder [XconfClient-NioEventLoopGroup-pool-0] 发送的数据包大小为:144
2020-05-27 20:51:17,617 INFO com.ggj.platform.xconf.common.protocol.codec.CommandMessageEncoder [XconfClient-NioEventLoopGroup-pool-0] 发送的数据包大小为:95
2020-05-27 20:51:17,652 INFO com.ggj.platform.xconf.common.protocol.codec.CommandMessageDecoder [XconfClient-NioEventLoopGroup-pool-0] 接受的数据包大小为:118
2020-05-27 20:51:17,653 INFO com.ggj.platform.xconf.client.netty.handler.ClientHandler [XconfClient-NioEventLoopGroup-pool-0] client send msg:null
2020-05-27 20:52:02,813 INFO com.ggj.platform.xconf.common.protocol.codec.CommandMessageEncoder [XconfClient-NioEventLoopGroup-pool-0] 发送的数据包大小为:144
2020-05-27 20:52:17,625 INFO com.ggj.platform.xconf.common.protocol.codec.CommandMessageEncoder [XconfClient-NioEventLoopGroup-pool-0] 发送的数据包大小为:95
2020-05-27 20:52:17,662 INFO com.ggj.platform.xconf.common.protocol.codec.CommandMessageDecoder [XconfClient-NioEventLoopGroup-pool-0] 接受的数据包大小为:118
2020-05-27 20:52:17,663 INFO com.ggj.platform.xconf.client.netty.handler.ClientHandler [XconfClient-NioEventLoopGroup-pool-0] client send msg:null
2020-05-27 20:53:02,666 INFO com.ggj.platform.xconf.common.protocol.codec.CommandMessageEncoder [XconfClient-NioEventLoopGroup-pool-0] 发送的数据包大小为:144
2020-05-27 20:53:17,634 INFO com.ggj.platform.xconf.common.protocol.codec.CommandMessageEncoder [XconfClient-NioEventLoopGroup-pool-0] 发送的数据包大小为:95
2020-05-27 20:53:17,669 INFO com.ggj.platform.xconf.common.protocol.codec.CommandMessageDecoder [XconfClient-NioEventLoopGroup-pool-0] 接受的数据包大小为:118
2020-05-27 20:53:17,670 INFO com.ggj.platform.xconf.client.netty.handler.ClientHandler [XconfClient-NioEventLoopGroup-pool-0] client send msg:null
2020-05-27 20:54:02,678 INFO com.ggj.platform.xconf.common.protocol.codec.CommandMessageEncoder [XconfClient-NioEventLoopGroup-pool-0] 发送的数据包大小为:144
2020-05-27 20:54:17,642 INFO com.ggj.platform.xconf.common.protocol.codec.CommandMessageEncoder [XconfClient-NioEventLoopGroup-pool-0] 发送的数据包大小为:95
2020-05-27 20:54:17,678 INFO com.ggj.platform.xconf.common.protocol.codec.CommandMessageDecoder [XconfClient-NioEventLoopGroup-pool-0] 接受的数据包大小为:118
2020-05-27 20:54:17,679 INFO com.ggj.platform.xconf.client.netty.handler.ClientHandler [XconfClient-NioEventLoopGroup-pool-0] client send msg:null
2020-05-27 20:55:02,682 INFO com.ggj.platform.xconf.common.protocol.codec.CommandMessageEncoder [XconfClient-NioEventLoopGroup-pool-0] 发送的数据包大小为:144
2020-05-27 20:55:17,644 INFO com.ggj.platform.xconf.common.protocol.codec.CommandMessageEncoder [XconfClient-NioEventLoopGroup-pool-0] 发送的数据包大小为:95
2020-05-27 20:55:17,679 INFO com.ggj.platform.xconf.common.protocol.codec.CommandMessageDecoder [XconfClient-NioEventLoopGroup-pool-0] 接受的数据包大小为:118
2020-05-27 20:55:17,680 INFO com.ggj.platform.xconf.client.netty.handler.ClientHandler [XconfClient-NioEventLoopGroup-pool-0] client send msg:null
2020-05-27 20:56:02,689 INFO com.ggj.platform.xconf.common.protocol.codec.CommandMessageEncoder [XconfClient-NioEventLoopGroup-pool-0] 发送的数据包大小为:144
2020-05-27 20:56:17,649 INFO com.ggj.platform.xconf.common.protocol.codec.CommandMessageEncoder [XconfClient-NioEventLoopGroup-pool-0] 发送的数据包大小为:95
2020-05-27 20:56:17,684 INFO com.ggj.platform.xconf.common.protocol.codec.CommandMessageDecoder [XconfClient-NioEventLoopGroup-pool-0] 接受的数据包大小为:118
2020-05-27 20:56:17,685 INFO com.ggj.platform.xconf.client.netty.handler.ClientHandler [XconfClient-NioEventLoopGroup-pool-0] client send msg:null
2020-05-27 20:57:02,690 INFO com.ggj.platform.xconf.common.protocol.codec.CommandMessageEncoder [XconfClient-NioEventLoopGroup-pool-0] 发送的数据包大小为:144
2020-05-27 20:57:17,654 INFO com.ggj.platform.xconf.common.protocol.codec.CommandMessageEncoder [XconfClient-NioEventLoopGroup-pool-0] 发送的数据包大小为:95
2020-05-27 20:57:17,689 INFO com.ggj.platform.xconf.common.protocol.codec.CommandMessageDecoder [XconfClient-NioEventLoopGroup-pool-0] 接受的数据包大小为:118
2020-05-27 20:57:17,690 INFO com.ggj.platform.xconf.client.netty.handler.ClientHandler [XconfClient-NioEventLoopGroup-pool-0] client send msg:null
2020-05-27 20:58:02,693 INFO com.ggj.platform.xconf.common.protocol.codec.CommandMessageEncoder [XconfClient-NioEventLoopGroup-pool-0] 发送的数据包大小为:144
2020-05-27 20:58:17,658 INFO com.ggj.platform.xconf.common.protocol.codec.CommandMessageEncoder [XconfClient-NioEventLoopGroup-pool-0] 发送的数据包大小为:95
2020-05-27 20:58:17,702 INFO com.ggj.platform.xconf.common.protocol.codec.CommandMessageDecoder [XconfClient-NioEventLoopGroup-pool-0] 接受的数据包大小为:118
2020-05-27 20:58:17,703 INFO com.ggj.platform.xconf.client.netty.handler.ClientHandler [XconfClient-NioEventLoopGroup-pool-0] client send msg:null
2020-05-27 20:59:02,710 INFO com.ggj.platform.xconf.common.protocol.codec.CommandMessageEncoder [XconfClient-NioEventLoopGroup-pool-0] 发送的数据包大小为:144
2020-05-27 20:59:17,670 INFO com.ggj.platform.xconf.common.protocol.codec.CommandMessageEncoder [XconfClient-NioEventLoopGroup-pool-0] 发送的数据包大小为:95
2020-05-27 20:59:17,706 INFO com.ggj.platform.xconf.common.protocol.codec.CommandMessageDecoder [XconfClient-NioEventLoopGroup-pool-0] 接受的数据包大小为:118
2020-05-27 20:59:17,709 INFO com.ggj.platform.xconf.client.netty.handler.ClientHandler [XconfClient-NioEventLoopGroup-pool-0] client send msg:null
2020-05-27 21:00:02,713 INFO com.ggj.platform.xconf.common.protocol.codec.CommandMessageEncoder [XconfClient-NioEventLoopGroup-pool-0] 发送的数据包大小为:144
2020-05-27 21:00:17,673 INFO com.ggj.platform.xconf.common.protocol.codec.CommandMessageEncoder [XconfClient-NioEventLoopGroup-pool-0] 发送的数据包大小为:95
2020-05-27 21:00:17,708 INFO com.ggj.platform.xconf.common.protocol.codec.CommandMessageDecoder [XconfClient-NioEventLoopGroup-pool-0] 接受的数据包大小为:118
2020-05-27 21:00:17,709 INFO com.ggj.platform.xconf.client.netty.handler.ClientHandler [XconfClient-NioEventLoopGroup-pool-0] client send msg:null
2020-05-27 21:01:02,713 INFO com.ggj.platform.xconf.common.protocol.codec.CommandMessageEncoder [XconfClient-NioEventLoopGroup-pool-0] 发送的数据包大小为:144
2020-05-27 21:01:17,682 INFO com.ggj.platform.xconf.common.protocol.codec.CommandMessageEncoder [XconfClient-NioEventLoopGroup-pool-0] 发送的数据包大小为:95
2020-05-27 21:01:17,716 INFO com.ggj.platform.xconf.common.protocol.codec.CommandMessageDecoder [XconfClient-NioEventLoopGroup-pool-0] 接受的数据包大小为:118
2020-05-27 21:01:17,717 INFO com.ggj.platform.xconf.client.netty.handler.ClientHandler [XconfClient-NioEventLoopGroup-pool-0] client send msg:null
2020-05-27 21:02:02,720 INFO com.ggj.platform.xconf.common.protocol.codec.CommandMessageEncoder [XconfClient-NioEventLoopGroup-pool-0] 发送的数据包大小为:144
2020-05-27 21:02:17,687 INFO com.ggj.platform.xconf.common.protocol.codec.CommandMessageEncoder [XconfClient-NioEventLoopGroup-pool-0] 发送的数据包大小为:95
2020-05-27 21:02:17,721 INFO com.ggj.platform.xconf.common.protocol.codec.CommandMessageDecoder [XconfClient-NioEventLoopGroup-pool-0] 接受的数据包大小为:118
2020-05-27 21:02:17,722 INFO com.ggj.platform.xconf.client.netty.handler.ClientHandler [XconfClient-NioEventLoopGroup-pool-0] client send msg:null
2020-05-27 21:02:52,911 WARN com.ggj.platform.xconf.client.netty.NettyClient [Thread-146] client socket close
2020-05-27 21:02:52,919 WARN com.ggj.platform.xconf.client.netty.handler.ClientHandler [XconfClient-NioEventLoopGroup-pool-0] client->server 通道断开了
2020-05-27 21:02:52,968 INFO org.springframework.scheduling.concurrent.ExecutorConfigurationSupport [SpringContextShutdownHook] Shutting down ExecutorService 'applicationTaskExecutor'
2020-05-27 21:02:52,969 INFO com.zaxxer.hikari.HikariDataSource [SpringContextShutdownHook] HikariPool-1 - Shutdown initiated...
2020-05-27 21:02:52,987 INFO com.zaxxer.hikari.HikariDataSource [SpringContextShutdownHook] HikariPool-1 - Shutdown completed.
2020-05-27 21:02:52,987 INFO com.zaxxer.hikari.HikariDataSource [SpringContextShutdownHook] HikariPool-2 - Shutdown initiated...
2020-05-27 21:02:52,991 INFO com.zaxxer.hikari.HikariDataSource [SpringContextShutdownHook] HikariPool-2 - Shutdown completed.
2020-05-27 21:02:52,991 WARN com.ggj.platform.xconf.client.entry.connection.XconfClient [SpringContextShutdownHook] xconfClient destory
