2020-05-26 09:46:20,481 INFO com.alibaba.boot.dubbo.context.event.WelcomeLogoApplicationListener [main] 

 :: Dubbo Spring Boot (v0.2.0) : https://github.com/apache/incubator-dubbo-spring-boot-project
 :: Dubbo (v2.6.2) : https://github.com/apache/incubator-dubbo
 :: Google group : dev@dubbo.incubator.apache.org

2020-05-26 09:46:20,519 INFO com.alibaba.boot.dubbo.context.event.OverrideDubboConfigApplicationListener [main] Dubbo Config was overridden by externalized configuration {dubbo.application.author=muyi, dubbo.application.name=big-monster, dubbo.consumer.timeout=5000, dubbo.registry.address=47.99.2.51:2181,47.99.2.51:2182,47.99.2.51:2183}
2020-05-26 09:46:26,618 WARN org.springframework.boot.StartupInfoLogger [main] InetAddress.getLocalHost().getHostName() took 5003 milliseconds to respond. Please verify your network configuration (macOS machines may need to add entries to /etc/hosts).
2020-05-26 09:46:31,663 INFO org.springframework.boot.StartupInfoLogger [main] Starting BigMonsterApplication on MacBook-Pro-2.local with PID 54345 (/Users/changfeng/work/code/big-monster/monster-web/target/classes started by changfeng in /Users/changfeng/work/code/big-monster)
2020-05-26 09:46:31,664 INFO org.springframework.boot.SpringApplication [main] No active profile set, falling back to default profiles: default
2020-05-26 09:46:37,939 INFO org.springframework.context.support.PostProcessorRegistrationDelegate$BeanPostProcessorChecker [main] Bean 'com.alibaba.boot.dubbo.autoconfigure.DubboAutoConfiguration' of type [com.alibaba.boot.dubbo.autoconfigure.DubboAutoConfiguration$$EnhancerBySpringCGLIB$$2c36ecae] is not eligible for getting processed by all BeanPostProcessors (for example: not eligible for auto-proxying)
2020-05-26 09:46:38,306 INFO org.springframework.context.support.PostProcessorRegistrationDelegate$BeanPostProcessorChecker [main] Bean 'com.ggj.platform.gsf.monitor.config.GsfMonitorFilterAutoConfiguration' of type [com.ggj.platform.gsf.monitor.config.GsfMonitorFilterAutoConfiguration$$EnhancerBySpringCGLIB$$db1a22d6] is not eligible for getting processed by all BeanPostProcessors (for example: not eligible for auto-proxying)
2020-05-26 09:46:38,416 INFO org.springframework.context.support.PostProcessorRegistrationDelegate$BeanPostProcessorChecker [main] Bean 'xconfClientConfiguration' of type [com.muyi.bigMonster.config.XconfClientConfiguration$$EnhancerBySpringCGLIB$$159fb6f1] is not eligible for getting processed by all BeanPostProcessors (for example: not eligible for auto-proxying)
2020-05-26 09:46:38,742 INFO com.ggj.platform.xconf.client.entry.connection.XconfClient [main] sqlite存储目录为:/Users/changfeng/.xconf
2020-05-26 09:46:39,264 INFO com.ggj.platform.xconf.client.store.persistence.SqliteStoreHelper [main] 初始化表成功(如果表存在,不会重新创建)
2020-05-26 09:46:46,170 INFO com.ggj.platform.xconf.client.netty.channel.ServerChannelHolder [main] connect 120.55.196.18:16520 server success
2020-05-26 09:46:46,181 INFO com.ggj.platform.xconf.client.netty.handler.ClientHandler [XconfClient-NioEventLoopGroup-pool-0] client->server 通道连接成功
2020-05-26 09:46:47,137 INFO com.ggj.platform.xconf.common.protocol.codec.CommandMessageEncoder [XconfClient-NioEventLoopGroup-pool-0] 发送的数据包大小为:95
2020-05-26 09:46:47,270 INFO com.ggj.platform.xconf.common.protocol.codec.CommandMessageDecoder [XconfClient-NioEventLoopGroup-pool-0] 接受的数据包大小为:1024
2020-05-26 09:46:47,270 INFO com.ggj.platform.xconf.common.protocol.codec.CommandMessageDecoder [XconfClient-NioEventLoopGroup-pool-0] 接受的数据包大小为:17408
2020-05-26 09:46:47,276 INFO com.ggj.platform.xconf.common.protocol.codec.CommandMessageDecoder [XconfClient-NioEventLoopGroup-pool-0] 接受的数据包大小为:82944
2020-05-26 09:46:47,276 INFO com.ggj.platform.xconf.common.protocol.codec.CommandMessageDecoder [XconfClient-NioEventLoopGroup-pool-0] 接受的数据包大小为:148480
2020-05-26 09:46:47,276 INFO com.ggj.platform.xconf.common.protocol.codec.CommandMessageDecoder [XconfClient-NioEventLoopGroup-pool-0] 接受的数据包大小为:174347
2020-05-26 09:46:48,297 INFO com.ggj.platform.xconf.client.netty.sync.ClientSyncData$1 [XconfClient-NioEventLoopGroup-pool-0] await sync complete
2020-05-26 09:46:48,297 INFO com.ggj.platform.xconf.client.netty.sync.ClientSyncData [main] await sync done
2020-05-26 09:46:48,298 INFO com.ggj.platform.xconf.client.netty.handler.ClientHandler [XconfClient-NioEventLoopGroup-pool-0] client send msg:null
2020-05-26 09:46:48,298 INFO com.ggj.platform.xconf.client.netty.NettyClient [main] 同步数据结果:true
2020-05-26 09:46:48,333 INFO org.springframework.context.support.PostProcessorRegistrationDelegate$BeanPostProcessorChecker [main] Bean 'relaxedDubboConfigBinder' of type [com.alibaba.boot.dubbo.autoconfigure.RelaxedDubboConfigBinder] is not eligible for getting processed by all BeanPostProcessors (for example: not eligible for auto-proxying)
2020-05-26 09:46:48,334 INFO org.springframework.context.support.PostProcessorRegistrationDelegate$BeanPostProcessorChecker [main] Bean 'relaxedDubboConfigBinder' of type [com.alibaba.boot.dubbo.autoconfigure.RelaxedDubboConfigBinder] is not eligible for getting processed by all BeanPostProcessors (for example: not eligible for auto-proxying)
2020-05-26 09:46:48,335 INFO org.springframework.context.support.PostProcessorRegistrationDelegate$BeanPostProcessorChecker [main] Bean 'relaxedDubboConfigBinder' of type [com.alibaba.boot.dubbo.autoconfigure.RelaxedDubboConfigBinder] is not eligible for getting processed by all BeanPostProcessors (for example: not eligible for auto-proxying)
2020-05-26 09:46:49,756 INFO org.springframework.boot.web.embedded.tomcat.TomcatWebServer [main] Tomcat initialized with port(s): 9999 (http)
2020-05-26 09:46:49,828 INFO org.apache.juli.logging.DirectJDKLog [main] Initializing ProtocolHandler ["http-nio-9999"]
2020-05-26 09:46:49,829 INFO org.apache.juli.logging.DirectJDKLog [main] Starting service [Tomcat]
2020-05-26 09:46:49,829 INFO org.apache.juli.logging.DirectJDKLog [main] Starting Servlet engine: [Apache Tomcat/9.0.35]
2020-05-26 09:46:50,356 INFO org.apache.juli.logging.DirectJDKLog [main] Initializing Spring embedded WebApplicationContext
2020-05-26 09:46:50,357 INFO org.springframework.boot.web.servlet.context.ServletWebServerApplicationContext [main] Root WebApplicationContext: initialization completed in 18306 ms
2020-05-26 09:46:51,303 INFO com.ggj.platform.xconf.common.protocol.codec.CommandMessageEncoder [XconfClient-NioEventLoopGroup-pool-0] 发送的数据包大小为:95
2020-05-26 09:46:51,311 INFO com.ggj.platform.xconf.common.protocol.codec.CommandMessageDecoder [XconfClient-NioEventLoopGroup-pool-0] 接受的数据包大小为:118
2020-05-26 09:46:51,312 INFO com.ggj.platform.xconf.client.netty.handler.ClientHandler [XconfClient-NioEventLoopGroup-pool-0] client send msg:null
2020-05-26 09:47:05,772 INFO org.springframework.scheduling.concurrent.ExecutorConfigurationSupport [main] Initializing ExecutorService 'applicationTaskExecutor'
2020-05-26 09:47:07,023 INFO org.apache.juli.logging.DirectJDKLog [main] Starting ProtocolHandler ["http-nio-9999"]
2020-05-26 09:47:07,146 INFO org.springframework.boot.web.embedded.tomcat.TomcatWebServer [main] Tomcat started on port(s): 9999 (http) with context path '/monster'
2020-05-26 09:47:07,241 INFO org.springframework.boot.StartupInfoLogger [main] Started BigMonsterApplication in 60.996 seconds (JVM running for 75.574)
2020-05-26 09:47:36,354 INFO com.ggj.platform.xconf.common.protocol.codec.CommandMessageEncoder [XconfClient-NioEventLoopGroup-pool-0] 发送的数据包大小为:147
2020-05-26 09:47:51,309 INFO com.ggj.platform.xconf.common.protocol.codec.CommandMessageEncoder [XconfClient-NioEventLoopGroup-pool-0] 发送的数据包大小为:95
2020-05-26 09:47:51,320 INFO com.ggj.platform.xconf.common.protocol.codec.CommandMessageDecoder [XconfClient-NioEventLoopGroup-pool-0] 接受的数据包大小为:118
2020-05-26 09:47:51,322 INFO com.ggj.platform.xconf.client.netty.handler.ClientHandler [XconfClient-NioEventLoopGroup-pool-0] client send msg:null
2020-05-26 09:48:36,323 INFO com.ggj.platform.xconf.common.protocol.codec.CommandMessageEncoder [XconfClient-NioEventLoopGroup-pool-0] 发送的数据包大小为:147
2020-05-26 09:48:40,412 INFO org.apache.juli.logging.DirectJDKLog [http-nio-9999-exec-1] Initializing Spring DispatcherServlet 'dispatcherServlet'
2020-05-26 09:48:40,412 INFO org.springframework.web.servlet.FrameworkServlet [http-nio-9999-exec-1] Initializing Servlet 'dispatcherServlet'
2020-05-26 09:48:40,471 INFO org.springframework.web.servlet.FrameworkServlet [http-nio-9999-exec-1] Completed initialization in 59 ms
2020-05-26 09:48:51,314 INFO com.ggj.platform.xconf.common.protocol.codec.CommandMessageEncoder [XconfClient-NioEventLoopGroup-pool-0] 发送的数据包大小为:95
2020-05-26 09:48:51,325 INFO com.ggj.platform.xconf.common.protocol.codec.CommandMessageDecoder [XconfClient-NioEventLoopGroup-pool-0] 接受的数据包大小为:118
2020-05-26 09:48:51,327 INFO com.ggj.platform.xconf.client.netty.handler.ClientHandler [XconfClient-NioEventLoopGroup-pool-0] client send msg:null
2020-05-26 09:49:36,330 INFO com.ggj.platform.xconf.common.protocol.codec.CommandMessageEncoder [XconfClient-NioEventLoopGroup-pool-0] 发送的数据包大小为:147
2020-05-26 09:49:51,320 INFO com.ggj.platform.xconf.common.protocol.codec.CommandMessageEncoder [XconfClient-NioEventLoopGroup-pool-0] 发送的数据包大小为:95
2020-05-26 09:49:51,330 INFO com.ggj.platform.xconf.common.protocol.codec.CommandMessageDecoder [XconfClient-NioEventLoopGroup-pool-0] 接受的数据包大小为:118
2020-05-26 09:49:51,331 INFO com.ggj.platform.xconf.client.netty.handler.ClientHandler [XconfClient-NioEventLoopGroup-pool-0] client send msg:null
2020-05-26 09:50:36,337 INFO com.ggj.platform.xconf.common.protocol.codec.CommandMessageEncoder [XconfClient-NioEventLoopGroup-pool-0] 发送的数据包大小为:147
2020-05-26 09:50:51,326 INFO com.ggj.platform.xconf.common.protocol.codec.CommandMessageEncoder [XconfClient-NioEventLoopGroup-pool-0] 发送的数据包大小为:95
2020-05-26 09:50:51,333 INFO com.ggj.platform.xconf.common.protocol.codec.CommandMessageDecoder [XconfClient-NioEventLoopGroup-pool-0] 接受的数据包大小为:118
2020-05-26 09:50:51,335 INFO com.ggj.platform.xconf.client.netty.handler.ClientHandler [XconfClient-NioEventLoopGroup-pool-0] client send msg:null
2020-05-26 09:51:36,339 INFO com.ggj.platform.xconf.common.protocol.codec.CommandMessageEncoder [XconfClient-NioEventLoopGroup-pool-0] 发送的数据包大小为:147
2020-05-26 09:51:51,710 INFO com.ggj.platform.xconf.common.protocol.codec.CommandMessageEncoder [XconfClient-NioEventLoopGroup-pool-0] 发送的数据包大小为:95
2020-05-26 09:51:51,726 INFO com.ggj.platform.xconf.common.protocol.codec.CommandMessageDecoder [XconfClient-NioEventLoopGroup-pool-0] 接受的数据包大小为:118
2020-05-26 09:51:51,765 INFO com.ggj.platform.xconf.client.netty.handler.ClientHandler [XconfClient-NioEventLoopGroup-pool-0] client send msg:null
2020-05-26 09:52:36,823 INFO com.ggj.platform.xconf.common.protocol.codec.CommandMessageEncoder [XconfClient-NioEventLoopGroup-pool-0] 发送的数据包大小为:147
2020-05-26 09:52:51,718 INFO com.ggj.platform.xconf.common.protocol.codec.CommandMessageEncoder [XconfClient-NioEventLoopGroup-pool-0] 发送的数据包大小为:95
2020-05-26 09:52:51,728 INFO com.ggj.platform.xconf.common.protocol.codec.CommandMessageDecoder [XconfClient-NioEventLoopGroup-pool-0] 接受的数据包大小为:118
2020-05-26 09:52:51,730 INFO com.ggj.platform.xconf.client.netty.handler.ClientHandler [XconfClient-NioEventLoopGroup-pool-0] client send msg:null
2020-05-26 09:53:36,735 INFO com.ggj.platform.xconf.common.protocol.codec.CommandMessageEncoder [XconfClient-NioEventLoopGroup-pool-0] 发送的数据包大小为:147
2020-05-26 09:53:51,725 INFO com.ggj.platform.xconf.common.protocol.codec.CommandMessageEncoder [XconfClient-NioEventLoopGroup-pool-0] 发送的数据包大小为:95
2020-05-26 09:53:51,734 INFO com.ggj.platform.xconf.common.protocol.codec.CommandMessageDecoder [XconfClient-NioEventLoopGroup-pool-0] 接受的数据包大小为:118
2020-05-26 09:53:51,735 INFO com.ggj.platform.xconf.client.netty.handler.ClientHandler [XconfClient-NioEventLoopGroup-pool-0] client send msg:null
2020-05-26 09:54:36,737 INFO com.ggj.platform.xconf.common.protocol.codec.CommandMessageEncoder [XconfClient-NioEventLoopGroup-pool-0] 发送的数据包大小为:147
2020-05-26 09:54:51,729 INFO com.ggj.platform.xconf.common.protocol.codec.CommandMessageEncoder [XconfClient-NioEventLoopGroup-pool-0] 发送的数据包大小为:95
2020-05-26 09:54:51,745 INFO com.ggj.platform.xconf.common.protocol.codec.CommandMessageDecoder [XconfClient-NioEventLoopGroup-pool-0] 接受的数据包大小为:118
2020-05-26 09:54:51,746 INFO com.ggj.platform.xconf.client.netty.handler.ClientHandler [XconfClient-NioEventLoopGroup-pool-0] client send msg:null
2020-05-26 09:55:36,751 INFO com.ggj.platform.xconf.common.protocol.codec.CommandMessageEncoder [XconfClient-NioEventLoopGroup-pool-0] 发送的数据包大小为:147
2020-05-26 09:55:51,732 INFO com.ggj.platform.xconf.common.protocol.codec.CommandMessageEncoder [XconfClient-NioEventLoopGroup-pool-0] 发送的数据包大小为:95
2020-05-26 09:55:51,742 INFO com.ggj.platform.xconf.common.protocol.codec.CommandMessageDecoder [XconfClient-NioEventLoopGroup-pool-0] 接受的数据包大小为:118
2020-05-26 09:55:51,743 INFO com.ggj.platform.xconf.client.netty.handler.ClientHandler [XconfClient-NioEventLoopGroup-pool-0] client send msg:null
2020-05-26 09:56:36,749 INFO com.ggj.platform.xconf.common.protocol.codec.CommandMessageEncoder [XconfClient-NioEventLoopGroup-pool-0] 发送的数据包大小为:147
2020-05-26 09:56:51,741 INFO com.ggj.platform.xconf.common.protocol.codec.CommandMessageEncoder [XconfClient-NioEventLoopGroup-pool-0] 发送的数据包大小为:95
2020-05-26 09:56:51,750 INFO com.ggj.platform.xconf.common.protocol.codec.CommandMessageDecoder [XconfClient-NioEventLoopGroup-pool-0] 接受的数据包大小为:118
2020-05-26 09:56:51,751 INFO com.ggj.platform.xconf.client.netty.handler.ClientHandler [XconfClient-NioEventLoopGroup-pool-0] client send msg:null
2020-05-26 09:57:36,757 INFO com.ggj.platform.xconf.common.protocol.codec.CommandMessageEncoder [XconfClient-NioEventLoopGroup-pool-0] 发送的数据包大小为:147
2020-05-26 09:57:51,744 INFO com.ggj.platform.xconf.common.protocol.codec.CommandMessageEncoder [XconfClient-NioEventLoopGroup-pool-0] 发送的数据包大小为:95
2020-05-26 09:57:51,755 INFO com.ggj.platform.xconf.common.protocol.codec.CommandMessageDecoder [XconfClient-NioEventLoopGroup-pool-0] 接受的数据包大小为:118
2020-05-26 09:57:51,757 INFO com.ggj.platform.xconf.client.netty.handler.ClientHandler [XconfClient-NioEventLoopGroup-pool-0] client send msg:null
2020-05-26 09:58:36,762 INFO com.ggj.platform.xconf.common.protocol.codec.CommandMessageEncoder [XconfClient-NioEventLoopGroup-pool-0] 发送的数据包大小为:147
2020-05-26 09:58:51,750 INFO com.ggj.platform.xconf.common.protocol.codec.CommandMessageEncoder [XconfClient-NioEventLoopGroup-pool-0] 发送的数据包大小为:95
2020-05-26 09:58:51,762 INFO com.ggj.platform.xconf.common.protocol.codec.CommandMessageDecoder [XconfClient-NioEventLoopGroup-pool-0] 接受的数据包大小为:118
2020-05-26 09:58:51,764 INFO com.ggj.platform.xconf.client.netty.handler.ClientHandler [XconfClient-NioEventLoopGroup-pool-0] client send msg:null
2020-05-26 09:59:36,769 INFO com.ggj.platform.xconf.common.protocol.codec.CommandMessageEncoder [XconfClient-NioEventLoopGroup-pool-0] 发送的数据包大小为:147
2020-05-26 09:59:51,755 INFO com.ggj.platform.xconf.common.protocol.codec.CommandMessageEncoder [XconfClient-NioEventLoopGroup-pool-0] 发送的数据包大小为:95
2020-05-26 09:59:51,764 INFO com.ggj.platform.xconf.common.protocol.codec.CommandMessageDecoder [XconfClient-NioEventLoopGroup-pool-0] 接受的数据包大小为:118
2020-05-26 09:59:51,765 INFO com.ggj.platform.xconf.client.netty.handler.ClientHandler [XconfClient-NioEventLoopGroup-pool-0] client send msg:null
2020-05-26 10:00:36,629 INFO com.ggj.platform.xconf.common.protocol.codec.CommandMessageDecoder [XconfClient-NioEventLoopGroup-pool-0] 接受的数据包大小为:512
2020-05-26 10:00:36,630 INFO com.ggj.platform.xconf.common.protocol.codec.CommandMessageDecoder [XconfClient-NioEventLoopGroup-pool-0] 接受的数据包大小为:629
2020-05-26 10:00:36,767 INFO com.ggj.platform.xconf.common.protocol.codec.CommandMessageEncoder [XconfClient-NioEventLoopGroup-pool-0] 发送的数据包大小为:95
2020-05-26 10:00:36,768 INFO com.ggj.platform.xconf.client.netty.handler.ClientHandler [XconfClient-NioEventLoopGroup-pool-0] client send msg:null
2020-05-26 10:00:36,785 INFO com.ggj.platform.xconf.common.protocol.codec.CommandMessageDecoder [XconfClient-NioEventLoopGroup-pool-0] 接受的数据包大小为:658
2020-05-26 10:00:36,811 INFO com.ggj.platform.xconf.client.netty.handler.ClientHandler [XconfClient-NioEventLoopGroup-pool-0] client send msg:null
2020-05-26 10:00:51,762 INFO com.ggj.platform.xconf.common.protocol.codec.CommandMessageEncoder [XconfClient-NioEventLoopGroup-pool-0] 发送的数据包大小为:95
2020-05-26 10:00:51,773 INFO com.ggj.platform.xconf.common.protocol.codec.CommandMessageDecoder [XconfClient-NioEventLoopGroup-pool-0] 接受的数据包大小为:118
2020-05-26 10:00:51,774 INFO com.ggj.platform.xconf.client.netty.handler.ClientHandler [XconfClient-NioEventLoopGroup-pool-0] client send msg:null
2020-05-26 10:01:10,269 INFO com.ggj.platform.xconf.common.protocol.codec.CommandMessageDecoder [XconfClient-NioEventLoopGroup-pool-0] 接受的数据包大小为:469
2020-05-26 10:01:10,273 INFO com.ggj.platform.xconf.common.protocol.codec.CommandMessageEncoder [XconfClient-NioEventLoopGroup-pool-0] 发送的数据包大小为:95
2020-05-26 10:01:10,274 INFO com.ggj.platform.xconf.client.netty.handler.ClientHandler [XconfClient-NioEventLoopGroup-pool-0] client send msg:null
2020-05-26 10:01:10,360 INFO com.ggj.platform.xconf.common.protocol.codec.CommandMessageDecoder [XconfClient-NioEventLoopGroup-pool-0] 接受的数据包大小为:498
2020-05-26 10:01:10,369 INFO com.ggj.platform.xconf.client.netty.handler.ClientHandler [XconfClient-NioEventLoopGroup-pool-0] client send msg:null
2020-05-26 10:01:25,429 INFO com.ggj.platform.xconf.common.protocol.codec.CommandMessageDecoder [XconfClient-NioEventLoopGroup-pool-0] 接受的数据包大小为:469
2020-05-26 10:01:25,433 INFO com.ggj.platform.xconf.common.protocol.codec.CommandMessageEncoder [XconfClient-NioEventLoopGroup-pool-0] 发送的数据包大小为:95
2020-05-26 10:01:25,433 INFO com.ggj.platform.xconf.client.netty.handler.ClientHandler [XconfClient-NioEventLoopGroup-pool-0] client send msg:null
2020-05-26 10:01:25,499 INFO com.ggj.platform.xconf.common.protocol.codec.CommandMessageDecoder [XconfClient-NioEventLoopGroup-pool-0] 接受的数据包大小为:498
2020-05-26 10:01:25,508 INFO com.ggj.platform.xconf.client.netty.handler.ClientHandler [XconfClient-NioEventLoopGroup-pool-0] client send msg:null
2020-05-26 10:01:31,800 INFO com.ggj.platform.xconf.common.protocol.codec.CommandMessageDecoder [XconfClient-NioEventLoopGroup-pool-0] 接受的数据包大小为:469
2020-05-26 10:01:31,804 INFO com.ggj.platform.xconf.common.protocol.codec.CommandMessageEncoder [XconfClient-NioEventLoopGroup-pool-0] 发送的数据包大小为:95
2020-05-26 10:01:31,804 INFO com.ggj.platform.xconf.client.netty.handler.ClientHandler [XconfClient-NioEventLoopGroup-pool-0] client send msg:null
2020-05-26 10:01:31,980 INFO com.ggj.platform.xconf.common.protocol.codec.CommandMessageDecoder [XconfClient-NioEventLoopGroup-pool-0] 接受的数据包大小为:498
2020-05-26 10:01:31,989 INFO com.ggj.platform.xconf.client.netty.handler.ClientHandler [XconfClient-NioEventLoopGroup-pool-0] client send msg:null
2020-05-26 10:01:40,607 INFO com.ggj.platform.xconf.common.protocol.codec.CommandMessageDecoder [XconfClient-NioEventLoopGroup-pool-0] 接受的数据包大小为:469
2020-05-26 10:01:40,610 INFO com.ggj.platform.xconf.common.protocol.codec.CommandMessageEncoder [XconfClient-NioEventLoopGroup-pool-0] 发送的数据包大小为:95
2020-05-26 10:01:40,610 INFO com.ggj.platform.xconf.client.netty.handler.ClientHandler [XconfClient-NioEventLoopGroup-pool-0] client send msg:null
2020-05-26 10:01:40,729 INFO com.ggj.platform.xconf.common.protocol.codec.CommandMessageDecoder [XconfClient-NioEventLoopGroup-pool-0] 接受的数据包大小为:498
2020-05-26 10:01:40,736 INFO com.ggj.platform.xconf.client.netty.handler.ClientHandler [XconfClient-NioEventLoopGroup-pool-0] client send msg:null
2020-05-26 10:01:51,767 INFO com.ggj.platform.xconf.common.protocol.codec.CommandMessageEncoder [XconfClient-NioEventLoopGroup-pool-0] 发送的数据包大小为:95
2020-05-26 10:01:51,773 INFO com.ggj.platform.xconf.common.protocol.codec.CommandMessageDecoder [XconfClient-NioEventLoopGroup-pool-0] 接受的数据包大小为:118
2020-05-26 10:01:51,775 INFO com.ggj.platform.xconf.client.netty.handler.ClientHandler [XconfClient-NioEventLoopGroup-pool-0] client send msg:null
2020-05-26 10:01:56,349 INFO com.ggj.platform.xconf.common.protocol.codec.CommandMessageDecoder [XconfClient-NioEventLoopGroup-pool-0] 接受的数据包大小为:496
2020-05-26 10:01:56,352 INFO com.ggj.platform.xconf.common.protocol.codec.CommandMessageDecoder [XconfClient-NioEventLoopGroup-pool-0] 接受的数据包大小为:629
2020-05-26 10:01:56,353 INFO com.ggj.platform.xconf.common.protocol.codec.CommandMessageEncoder [XconfClient-NioEventLoopGroup-pool-0] 发送的数据包大小为:95
2020-05-26 10:01:56,354 INFO com.ggj.platform.xconf.client.netty.handler.ClientHandler [XconfClient-NioEventLoopGroup-pool-0] client send msg:null
2020-05-26 10:01:56,454 INFO com.ggj.platform.xconf.common.protocol.codec.CommandMessageDecoder [XconfClient-NioEventLoopGroup-pool-0] 接受的数据包大小为:658
2020-05-26 10:01:56,463 INFO com.ggj.platform.xconf.client.netty.handler.ClientHandler [XconfClient-NioEventLoopGroup-pool-0] client send msg:null
2020-05-26 10:01:58,602 INFO com.ggj.platform.xconf.common.protocol.codec.CommandMessageDecoder [XconfClient-NioEventLoopGroup-pool-0] 接受的数据包大小为:469
2020-05-26 10:01:58,603 INFO com.ggj.platform.xconf.common.protocol.codec.CommandMessageEncoder [XconfClient-NioEventLoopGroup-pool-0] 发送的数据包大小为:95
2020-05-26 10:01:58,604 INFO com.ggj.platform.xconf.client.netty.handler.ClientHandler [XconfClient-NioEventLoopGroup-pool-0] client send msg:null
2020-05-26 10:01:58,694 INFO com.ggj.platform.xconf.common.protocol.codec.CommandMessageDecoder [XconfClient-NioEventLoopGroup-pool-0] 接受的数据包大小为:498
2020-05-26 10:01:58,703 INFO com.ggj.platform.xconf.client.netty.handler.ClientHandler [XconfClient-NioEventLoopGroup-pool-0] client send msg:null
2020-05-26 10:02:43,708 INFO com.ggj.platform.xconf.common.protocol.codec.CommandMessageEncoder [XconfClient-NioEventLoopGroup-pool-0] 发送的数据包大小为:147
2020-05-26 10:02:51,777 INFO com.ggj.platform.xconf.common.protocol.codec.CommandMessageEncoder [XconfClient-NioEventLoopGroup-pool-0] 发送的数据包大小为:95
2020-05-26 10:02:51,785 INFO com.ggj.platform.xconf.common.protocol.codec.CommandMessageDecoder [XconfClient-NioEventLoopGroup-pool-0] 接受的数据包大小为:118
2020-05-26 10:02:51,786 INFO com.ggj.platform.xconf.client.netty.handler.ClientHandler [XconfClient-NioEventLoopGroup-pool-0] client send msg:null
2020-05-26 10:03:36,789 INFO com.ggj.platform.xconf.common.protocol.codec.CommandMessageEncoder [XconfClient-NioEventLoopGroup-pool-0] 发送的数据包大小为:147
2020-05-26 10:03:45,937 INFO com.ggj.platform.xconf.common.protocol.codec.CommandMessageDecoder [XconfClient-NioEventLoopGroup-pool-0] 接受的数据包大小为:469
2020-05-26 10:03:45,939 INFO com.ggj.platform.xconf.common.protocol.codec.CommandMessageEncoder [XconfClient-NioEventLoopGroup-pool-0] 发送的数据包大小为:95
2020-05-26 10:03:45,940 INFO com.ggj.platform.xconf.client.netty.handler.ClientHandler [XconfClient-NioEventLoopGroup-pool-0] client send msg:null
2020-05-26 10:03:46,056 INFO com.ggj.platform.xconf.common.protocol.codec.CommandMessageDecoder [XconfClient-NioEventLoopGroup-pool-0] 接受的数据包大小为:498
2020-05-26 10:03:46,064 INFO com.ggj.platform.xconf.client.netty.handler.ClientHandler [XconfClient-NioEventLoopGroup-pool-0] client send msg:null
2020-05-26 10:03:51,784 INFO com.ggj.platform.xconf.common.protocol.codec.CommandMessageEncoder [XconfClient-NioEventLoopGroup-pool-0] 发送的数据包大小为:95
2020-05-26 10:03:51,837 INFO com.ggj.platform.xconf.common.protocol.codec.CommandMessageDecoder [XconfClient-NioEventLoopGroup-pool-0] 接受的数据包大小为:118
2020-05-26 10:03:51,838 INFO com.ggj.platform.xconf.client.netty.handler.ClientHandler [XconfClient-NioEventLoopGroup-pool-0] client send msg:null
2020-05-26 10:03:55,897 INFO com.ggj.platform.xconf.common.protocol.codec.CommandMessageDecoder [XconfClient-NioEventLoopGroup-pool-0] 接受的数据包大小为:469
2020-05-26 10:03:55,898 INFO com.ggj.platform.xconf.common.protocol.codec.CommandMessageEncoder [XconfClient-NioEventLoopGroup-pool-0] 发送的数据包大小为:95
2020-05-26 10:03:55,899 INFO com.ggj.platform.xconf.client.netty.handler.ClientHandler [XconfClient-NioEventLoopGroup-pool-0] client send msg:null
2020-05-26 10:03:56,163 INFO com.ggj.platform.xconf.common.protocol.codec.CommandMessageDecoder [XconfClient-NioEventLoopGroup-pool-0] 接受的数据包大小为:496
2020-05-26 10:03:56,164 INFO com.ggj.platform.xconf.common.protocol.codec.CommandMessageDecoder [XconfClient-NioEventLoopGroup-pool-0] 接受的数据包大小为:498
2020-05-26 10:03:56,170 INFO com.ggj.platform.xconf.client.netty.handler.ClientHandler [XconfClient-NioEventLoopGroup-pool-0] client send msg:null
2020-05-26 10:04:41,175 INFO com.ggj.platform.xconf.common.protocol.codec.CommandMessageEncoder [XconfClient-NioEventLoopGroup-pool-0] 发送的数据包大小为:147
2020-05-26 10:04:51,788 INFO com.ggj.platform.xconf.common.protocol.codec.CommandMessageEncoder [XconfClient-NioEventLoopGroup-pool-0] 发送的数据包大小为:95
2020-05-26 10:04:51,795 INFO com.ggj.platform.xconf.common.protocol.codec.CommandMessageDecoder [XconfClient-NioEventLoopGroup-pool-0] 接受的数据包大小为:118
2020-05-26 10:04:51,796 INFO com.ggj.platform.xconf.client.netty.handler.ClientHandler [XconfClient-NioEventLoopGroup-pool-0] client send msg:null
2020-05-26 10:05:36,801 INFO com.ggj.platform.xconf.common.protocol.codec.CommandMessageEncoder [XconfClient-NioEventLoopGroup-pool-0] 发送的数据包大小为:147
2020-05-26 10:05:51,793 INFO com.ggj.platform.xconf.common.protocol.codec.CommandMessageEncoder [XconfClient-NioEventLoopGroup-pool-0] 发送的数据包大小为:95
2020-05-26 10:05:51,800 INFO com.ggj.platform.xconf.common.protocol.codec.CommandMessageDecoder [XconfClient-NioEventLoopGroup-pool-0] 接受的数据包大小为:118
2020-05-26 10:05:51,801 INFO com.ggj.platform.xconf.client.netty.handler.ClientHandler [XconfClient-NioEventLoopGroup-pool-0] client send msg:null
2020-05-26 10:06:36,807 INFO com.ggj.platform.xconf.common.protocol.codec.CommandMessageEncoder [XconfClient-NioEventLoopGroup-pool-0] 发送的数据包大小为:147
2020-05-26 10:06:51,797 INFO com.ggj.platform.xconf.common.protocol.codec.CommandMessageEncoder [XconfClient-NioEventLoopGroup-pool-0] 发送的数据包大小为:95
2020-05-26 10:06:51,806 INFO com.ggj.platform.xconf.common.protocol.codec.CommandMessageDecoder [XconfClient-NioEventLoopGroup-pool-0] 接受的数据包大小为:118
2020-05-26 10:06:51,807 INFO com.ggj.platform.xconf.client.netty.handler.ClientHandler [XconfClient-NioEventLoopGroup-pool-0] client send msg:null
2020-05-26 10:07:36,810 INFO com.ggj.platform.xconf.common.protocol.codec.CommandMessageEncoder [XconfClient-NioEventLoopGroup-pool-0] 发送的数据包大小为:147
2020-05-26 10:07:47,575 WARN com.ggj.platform.xconf.client.netty.NettyClient [Thread-146] client socket close
2020-05-26 10:07:47,585 WARN com.ggj.platform.xconf.client.netty.handler.ClientHandler [XconfClient-NioEventLoopGroup-pool-0] client->server 通道断开了
2020-05-26 10:07:47,636 INFO org.springframework.scheduling.concurrent.ExecutorConfigurationSupport [SpringContextShutdownHook] Shutting down ExecutorService 'applicationTaskExecutor'
2020-05-26 10:07:47,638 WARN com.ggj.platform.xconf.client.entry.connection.XconfClient [SpringContextShutdownHook] xconfClient destory
