2020-06-10 11:41:49,953 WARN org.springframework.boot.StartupInfoLogger [main] InetAddress.getLocalHost().getHostName() took 5002 milliseconds to respond. Please verify your network configuration (macOS machines may need to add entries to /etc/hosts).
2020-06-10 11:41:54,982 INFO org.springframework.boot.StartupInfoLogger [main] Starting BigMonsterApplication on MacBook-Pro-2.local with PID 1099 (/Users/changfeng/work/code/big-monster/monster-web/target/classes started by changfeng in /Users/changfeng/work/code/big-monster)
2020-06-10 11:41:54,983 INFO org.springframework.boot.SpringApplication [main] No active profile set, falling back to default profiles: default
2020-06-10 11:42:05,470 INFO org.springframework.context.support.PostProcessorRegistrationDelegate$BeanPostProcessorChecker [main] Bean 'xconfClientConfiguration' of type [com.muyi.bigMonster.config.XconfClientConfiguration$$EnhancerBySpringCGLIB$$46d7ec53] is not eligible for getting processed by all BeanPostProcessors (for example: not eligible for auto-proxying)
2020-06-10 11:42:06,028 INFO com.ggj.platform.xconf.client.entry.connection.XconfClient [main] sqlite存储目录为:/Users/changfeng/.xconf
2020-06-10 11:42:06,657 INFO com.ggj.platform.xconf.client.store.persistence.SqliteStoreHelper [main] 初始化表成功(如果表存在,不会重新创建)
2020-06-10 11:42:14,287 INFO com.ggj.platform.xconf.client.netty.channel.ServerChannelHolder [main] connect 120.55.196.18:16520 server success
2020-06-10 11:42:14,302 INFO com.ggj.platform.xconf.client.netty.handler.ClientHandler [XconfClient-NioEventLoopGroup-pool-0] client->server 通道连接成功
2020-06-10 11:42:15,648 INFO com.ggj.platform.xconf.common.protocol.codec.CommandMessageEncoder [XconfClient-NioEventLoopGroup-pool-0] 发送的数据包大小为:95
2020-06-10 11:42:15,904 INFO com.ggj.platform.xconf.common.protocol.codec.CommandMessageDecoder [XconfClient-NioEventLoopGroup-pool-0] 接受的数据包大小为:1024
2020-06-10 11:42:15,905 INFO com.ggj.platform.xconf.common.protocol.codec.CommandMessageDecoder [XconfClient-NioEventLoopGroup-pool-0] 接受的数据包大小为:3585
2020-06-10 11:42:17,354 INFO com.ggj.platform.xconf.client.netty.sync.ClientSyncData [main] await sync done
2020-06-10 11:42:17,354 INFO com.ggj.platform.xconf.client.netty.sync.ClientSyncData$1 [XconfClient-NioEventLoopGroup-pool-0] await sync complete
2020-06-10 11:42:17,354 INFO com.ggj.platform.xconf.client.netty.NettyClient [main] 同步数据结果:true
2020-06-10 11:42:17,354 INFO com.ggj.platform.xconf.client.netty.handler.ClientHandler [XconfClient-NioEventLoopGroup-pool-0] client send msg:null
2020-06-10 11:42:19,417 INFO org.springframework.boot.web.embedded.tomcat.TomcatWebServer [main] Tomcat initialized with port(s): 9999 (http)
2020-06-10 11:42:19,511 INFO org.apache.juli.logging.DirectJDKLog [main] Initializing ProtocolHandler ["http-nio-9999"]
2020-06-10 11:42:19,512 INFO org.apache.juli.logging.DirectJDKLog [main] Starting service [Tomcat]
2020-06-10 11:42:19,512 INFO org.apache.juli.logging.DirectJDKLog [main] Starting Servlet engine: [Apache Tomcat/9.0.35]
2020-06-10 11:42:20,213 INFO org.apache.juli.logging.DirectJDKLog [main] Initializing Spring embedded WebApplicationContext
2020-06-10 11:42:20,213 INFO org.springframework.boot.web.servlet.context.ServletWebServerApplicationContext [main] Root WebApplicationContext: initialization completed in 24113 ms
2020-06-10 11:42:20,356 INFO com.ggj.platform.xconf.common.protocol.codec.CommandMessageEncoder [XconfClient-NioEventLoopGroup-pool-0] 发送的数据包大小为:95
2020-06-10 11:42:20,369 INFO com.ggj.platform.xconf.common.protocol.codec.CommandMessageDecoder [XconfClient-NioEventLoopGroup-pool-0] 接受的数据包大小为:118
2020-06-10 11:42:20,370 INFO com.ggj.platform.xconf.client.netty.handler.ClientHandler [XconfClient-NioEventLoopGroup-pool-0] client send msg:null
2020-06-10 11:42:23,501 INFO org.springframework.scheduling.concurrent.ExecutorConfigurationSupport [main] Initializing ExecutorService 'applicationTaskExecutor'
2020-06-10 11:42:24,975 INFO org.apache.juli.logging.DirectJDKLog [main] Starting ProtocolHandler ["http-nio-9999"]
2020-06-10 11:42:25,074 INFO org.springframework.boot.web.embedded.tomcat.TomcatWebServer [main] Tomcat started on port(s): 9999 (http) with context path '/monster'
2020-06-10 11:42:25,139 INFO org.springframework.boot.StartupInfoLogger [main] Started BigMonsterApplication in 59.01 seconds (JVM running for 74.622)
2020-06-10 11:42:43,713 INFO com.ggj.platform.xconf.common.protocol.codec.CommandMessageDecoder [XconfClient-NioEventLoopGroup-pool-0] 接受的数据包大小为:1861
2020-06-10 11:42:43,727 INFO com.ggj.platform.xconf.common.protocol.codec.CommandMessageEncoder [XconfClient-NioEventLoopGroup-pool-0] 发送的数据包大小为:95
2020-06-10 11:42:43,728 INFO com.ggj.platform.xconf.client.netty.handler.ClientHandler [XconfClient-NioEventLoopGroup-pool-0] client send msg:null
2020-06-10 11:42:43,874 INFO com.ggj.platform.xconf.common.protocol.codec.CommandMessageDecoder [XconfClient-NioEventLoopGroup-pool-0] 接受的数据包大小为:1890
2020-06-10 11:42:43,886 INFO com.ggj.platform.xconf.client.netty.handler.ClientHandler [XconfClient-NioEventLoopGroup-pool-0] client send msg:null
2020-06-10 11:43:20,363 INFO com.ggj.platform.xconf.common.protocol.codec.CommandMessageEncoder [XconfClient-NioEventLoopGroup-pool-0] 发送的数据包大小为:95
2020-06-10 11:43:20,375 INFO com.ggj.platform.xconf.common.protocol.codec.CommandMessageDecoder [XconfClient-NioEventLoopGroup-pool-0] 接受的数据包大小为:118
2020-06-10 11:43:20,376 INFO com.ggj.platform.xconf.client.netty.handler.ClientHandler [XconfClient-NioEventLoopGroup-pool-0] client send msg:null
2020-06-10 11:43:30,839 WARN com.ggj.platform.xconf.client.netty.NettyClient [Thread-132] client socket close
2020-06-10 11:43:30,848 WARN com.ggj.platform.xconf.client.netty.handler.ClientHandler [XconfClient-NioEventLoopGroup-pool-0] client->server 通道断开了
2020-06-10 11:43:30,900 INFO org.springframework.scheduling.concurrent.ExecutorConfigurationSupport [SpringContextShutdownHook] Shutting down ExecutorService 'applicationTaskExecutor'
2020-06-10 11:43:30,903 WARN com.ggj.platform.xconf.client.entry.connection.XconfClient [SpringContextShutdownHook] xconfClient destory
2020-06-10 20:03:47,024 WARN org.springframework.boot.StartupInfoLogger [main] InetAddress.getLocalHost().getHostName() took 5002 milliseconds to respond. Please verify your network configuration (macOS machines may need to add entries to /etc/hosts).
2020-06-10 20:03:52,061 INFO org.springframework.boot.StartupInfoLogger [main] Starting BigMonsterApplication on MacBook-Pro-2.local with PID 13559 (/Users/changfeng/work/code/big-monster/monster-web/target/classes started by changfeng in /Users/changfeng/work/code/big-monster)
2020-06-10 20:03:52,062 INFO org.springframework.boot.SpringApplication [main] No active profile set, falling back to default profiles: default
2020-06-10 20:04:00,349 INFO org.springframework.context.support.PostProcessorRegistrationDelegate$BeanPostProcessorChecker [main] Bean 'xconfClientConfiguration' of type [com.muyi.bigMonster.config.XconfClientConfiguration$$EnhancerBySpringCGLIB$$d23d71b4] is not eligible for getting processed by all BeanPostProcessors (for example: not eligible for auto-proxying)
2020-06-10 20:04:00,880 INFO com.ggj.platform.xconf.client.entry.connection.XconfClient [main] sqlite存储目录为:/Users/changfeng/.xconf
2020-06-10 20:04:01,560 INFO com.ggj.platform.xconf.client.store.persistence.SqliteStoreHelper [main] 初始化表成功(如果表存在,不会重新创建)
2020-06-10 20:04:09,211 INFO com.ggj.platform.xconf.client.netty.channel.ServerChannelHolder [main] connect 120.55.196.18:16520 server success
2020-06-10 20:04:09,236 INFO com.ggj.platform.xconf.client.netty.handler.ClientHandler [XconfClient-NioEventLoopGroup-pool-0] client->server 通道连接成功
2020-06-10 20:04:10,665 INFO com.ggj.platform.xconf.common.protocol.codec.CommandMessageEncoder [XconfClient-NioEventLoopGroup-pool-0] 发送的数据包大小为:95
2020-06-10 20:04:10,858 INFO com.ggj.platform.xconf.common.protocol.codec.CommandMessageDecoder [XconfClient-NioEventLoopGroup-pool-0] 接受的数据包大小为:118
2020-06-10 20:04:12,096 INFO com.ggj.platform.xconf.client.netty.sync.ClientSyncData$1 [XconfClient-NioEventLoopGroup-pool-0] await sync complete
2020-06-10 20:04:12,096 INFO com.ggj.platform.xconf.client.netty.sync.ClientSyncData [main] await sync done
2020-06-10 20:04:12,097 INFO com.ggj.platform.xconf.client.netty.handler.ClientHandler [XconfClient-NioEventLoopGroup-pool-0] client send msg:null
2020-06-10 20:04:12,097 INFO com.ggj.platform.xconf.client.netty.NettyClient [main] 同步数据结果:true
2020-06-10 20:04:14,325 INFO org.springframework.boot.web.embedded.tomcat.TomcatWebServer [main] Tomcat initialized with port(s): 9999 (http)
2020-06-10 20:04:14,415 INFO org.apache.juli.logging.DirectJDKLog [main] Initializing ProtocolHandler ["http-nio-9999"]
2020-06-10 20:04:14,416 INFO org.apache.juli.logging.DirectJDKLog [main] Starting service [Tomcat]
2020-06-10 20:04:14,416 INFO org.apache.juli.logging.DirectJDKLog [main] Starting Servlet engine: [Apache Tomcat/9.0.35]
2020-06-10 20:04:15,099 INFO com.ggj.platform.xconf.common.protocol.codec.CommandMessageEncoder [XconfClient-NioEventLoopGroup-pool-0] 发送的数据包大小为:95
2020-06-10 20:04:15,106 INFO com.ggj.platform.xconf.common.protocol.codec.CommandMessageDecoder [XconfClient-NioEventLoopGroup-pool-0] 接受的数据包大小为:118
2020-06-10 20:04:15,108 INFO com.ggj.platform.xconf.client.netty.handler.ClientHandler [XconfClient-NioEventLoopGroup-pool-0] client send msg:null
2020-06-10 20:04:15,187 INFO org.apache.juli.logging.DirectJDKLog [main] Initializing Spring embedded WebApplicationContext
2020-06-10 20:04:15,187 INFO org.springframework.boot.web.servlet.context.ServletWebServerApplicationContext [main] Root WebApplicationContext: initialization completed in 22602 ms
2020-06-10 20:04:18,520 INFO org.springframework.scheduling.concurrent.ExecutorConfigurationSupport [main] Initializing ExecutorService 'applicationTaskExecutor'
2020-06-10 20:04:19,984 INFO org.apache.juli.logging.DirectJDKLog [main] Starting ProtocolHandler ["http-nio-9999"]
2020-06-10 20:04:20,098 INFO org.springframework.boot.web.embedded.tomcat.TomcatWebServer [main] Tomcat started on port(s): 9999 (http) with context path '/monster'
2020-06-10 20:04:20,162 INFO org.springframework.boot.StartupInfoLogger [main] Started BigMonsterApplication in 55.162 seconds (JVM running for 70.69)
2020-06-10 20:05:00,308 INFO com.ggj.platform.xconf.common.protocol.codec.CommandMessageEncoder [XconfClient-NioEventLoopGroup-pool-0] 发送的数据包大小为:147
2020-06-10 20:05:15,106 INFO com.ggj.platform.xconf.common.protocol.codec.CommandMessageEncoder [XconfClient-NioEventLoopGroup-pool-0] 发送的数据包大小为:95
2020-06-10 20:05:15,112 INFO com.ggj.platform.xconf.common.protocol.codec.CommandMessageDecoder [XconfClient-NioEventLoopGroup-pool-0] 接受的数据包大小为:118
2020-06-10 20:05:15,114 INFO com.ggj.platform.xconf.client.netty.handler.ClientHandler [XconfClient-NioEventLoopGroup-pool-0] client send msg:null
2020-06-10 20:06:00,121 INFO com.ggj.platform.xconf.common.protocol.codec.CommandMessageEncoder [XconfClient-NioEventLoopGroup-pool-0] 发送的数据包大小为:147
2020-06-10 20:06:15,110 INFO com.ggj.platform.xconf.common.protocol.codec.CommandMessageEncoder [XconfClient-NioEventLoopGroup-pool-0] 发送的数据包大小为:95
2020-06-10 20:06:15,121 INFO com.ggj.platform.xconf.common.protocol.codec.CommandMessageDecoder [XconfClient-NioEventLoopGroup-pool-0] 接受的数据包大小为:118
2020-06-10 20:06:15,122 INFO com.ggj.platform.xconf.client.netty.handler.ClientHandler [XconfClient-NioEventLoopGroup-pool-0] client send msg:null
2020-06-10 20:07:00,124 INFO com.ggj.platform.xconf.common.protocol.codec.CommandMessageEncoder [XconfClient-NioEventLoopGroup-pool-0] 发送的数据包大小为:147
2020-06-10 20:07:15,115 INFO com.ggj.platform.xconf.common.protocol.codec.CommandMessageEncoder [XconfClient-NioEventLoopGroup-pool-0] 发送的数据包大小为:95
2020-06-10 20:07:15,123 INFO com.ggj.platform.xconf.common.protocol.codec.CommandMessageDecoder [XconfClient-NioEventLoopGroup-pool-0] 接受的数据包大小为:118
2020-06-10 20:07:15,124 INFO com.ggj.platform.xconf.client.netty.handler.ClientHandler [XconfClient-NioEventLoopGroup-pool-0] client send msg:null
2020-06-10 20:08:00,129 INFO com.ggj.platform.xconf.common.protocol.codec.CommandMessageEncoder [XconfClient-NioEventLoopGroup-pool-0] 发送的数据包大小为:147
2020-06-10 20:08:15,122 INFO com.ggj.platform.xconf.common.protocol.codec.CommandMessageEncoder [XconfClient-NioEventLoopGroup-pool-0] 发送的数据包大小为:95
2020-06-10 20:08:15,347 INFO com.ggj.platform.xconf.common.protocol.codec.CommandMessageDecoder [XconfClient-NioEventLoopGroup-pool-0] 接受的数据包大小为:118
2020-06-10 20:08:15,362 INFO com.ggj.platform.xconf.client.netty.handler.ClientHandler [XconfClient-NioEventLoopGroup-pool-0] client send msg:null
2020-06-10 20:09:00,368 INFO com.ggj.platform.xconf.common.protocol.codec.CommandMessageEncoder [XconfClient-NioEventLoopGroup-pool-0] 发送的数据包大小为:147
2020-06-10 20:09:15,128 INFO com.ggj.platform.xconf.common.protocol.codec.CommandMessageEncoder [XconfClient-NioEventLoopGroup-pool-0] 发送的数据包大小为:95
2020-06-10 20:09:15,136 INFO com.ggj.platform.xconf.common.protocol.codec.CommandMessageDecoder [XconfClient-NioEventLoopGroup-pool-0] 接受的数据包大小为:118
2020-06-10 20:09:15,138 INFO com.ggj.platform.xconf.client.netty.handler.ClientHandler [XconfClient-NioEventLoopGroup-pool-0] client send msg:null
2020-06-10 20:10:00,143 INFO com.ggj.platform.xconf.common.protocol.codec.CommandMessageEncoder [XconfClient-NioEventLoopGroup-pool-0] 发送的数据包大小为:147
2020-06-10 20:10:15,130 INFO com.ggj.platform.xconf.common.protocol.codec.CommandMessageEncoder [XconfClient-NioEventLoopGroup-pool-0] 发送的数据包大小为:95
2020-06-10 20:10:15,141 INFO com.ggj.platform.xconf.common.protocol.codec.CommandMessageDecoder [XconfClient-NioEventLoopGroup-pool-0] 接受的数据包大小为:118
2020-06-10 20:10:15,143 INFO com.ggj.platform.xconf.client.netty.handler.ClientHandler [XconfClient-NioEventLoopGroup-pool-0] client send msg:null
2020-06-10 20:11:00,146 INFO com.ggj.platform.xconf.common.protocol.codec.CommandMessageEncoder [XconfClient-NioEventLoopGroup-pool-0] 发送的数据包大小为:147
2020-06-10 20:11:15,137 INFO com.ggj.platform.xconf.common.protocol.codec.CommandMessageEncoder [XconfClient-NioEventLoopGroup-pool-0] 发送的数据包大小为:95
2020-06-10 20:11:15,145 INFO com.ggj.platform.xconf.common.protocol.codec.CommandMessageDecoder [XconfClient-NioEventLoopGroup-pool-0] 接受的数据包大小为:118
2020-06-10 20:11:15,146 INFO com.ggj.platform.xconf.client.netty.handler.ClientHandler [XconfClient-NioEventLoopGroup-pool-0] client send msg:null
2020-06-10 20:12:00,149 INFO com.ggj.platform.xconf.common.protocol.codec.CommandMessageEncoder [XconfClient-NioEventLoopGroup-pool-0] 发送的数据包大小为:147
2020-06-10 20:12:15,140 INFO com.ggj.platform.xconf.common.protocol.codec.CommandMessageEncoder [XconfClient-NioEventLoopGroup-pool-0] 发送的数据包大小为:95
2020-06-10 20:12:15,150 INFO com.ggj.platform.xconf.common.protocol.codec.CommandMessageDecoder [XconfClient-NioEventLoopGroup-pool-0] 接受的数据包大小为:118
2020-06-10 20:12:15,151 INFO com.ggj.platform.xconf.client.netty.handler.ClientHandler [XconfClient-NioEventLoopGroup-pool-0] client send msg:null
2020-06-10 20:13:00,156 INFO com.ggj.platform.xconf.common.protocol.codec.CommandMessageEncoder [XconfClient-NioEventLoopGroup-pool-0] 发送的数据包大小为:147
2020-06-10 20:13:15,146 INFO com.ggj.platform.xconf.common.protocol.codec.CommandMessageEncoder [XconfClient-NioEventLoopGroup-pool-0] 发送的数据包大小为:95
2020-06-10 20:13:15,156 INFO com.ggj.platform.xconf.common.protocol.codec.CommandMessageDecoder [XconfClient-NioEventLoopGroup-pool-0] 接受的数据包大小为:118
2020-06-10 20:13:15,157 INFO com.ggj.platform.xconf.client.netty.handler.ClientHandler [XconfClient-NioEventLoopGroup-pool-0] client send msg:null
2020-06-10 20:14:00,161 INFO com.ggj.platform.xconf.common.protocol.codec.CommandMessageEncoder [XconfClient-NioEventLoopGroup-pool-0] 发送的数据包大小为:147
2020-06-10 20:14:15,148 INFO com.ggj.platform.xconf.common.protocol.codec.CommandMessageEncoder [XconfClient-NioEventLoopGroup-pool-0] 发送的数据包大小为:95
2020-06-10 20:14:15,161 INFO com.ggj.platform.xconf.common.protocol.codec.CommandMessageDecoder [XconfClient-NioEventLoopGroup-pool-0] 接受的数据包大小为:118
2020-06-10 20:14:15,163 INFO com.ggj.platform.xconf.client.netty.handler.ClientHandler [XconfClient-NioEventLoopGroup-pool-0] client send msg:null
2020-06-10 20:15:00,167 INFO com.ggj.platform.xconf.common.protocol.codec.CommandMessageEncoder [XconfClient-NioEventLoopGroup-pool-0] 发送的数据包大小为:147
2020-06-10 20:15:15,153 INFO com.ggj.platform.xconf.common.protocol.codec.CommandMessageEncoder [XconfClient-NioEventLoopGroup-pool-0] 发送的数据包大小为:95
2020-06-10 20:15:15,168 INFO com.ggj.platform.xconf.common.protocol.codec.CommandMessageDecoder [XconfClient-NioEventLoopGroup-pool-0] 接受的数据包大小为:118
2020-06-10 20:15:15,170 INFO com.ggj.platform.xconf.client.netty.handler.ClientHandler [XconfClient-NioEventLoopGroup-pool-0] client send msg:null
2020-06-10 20:15:27,021 WARN com.ggj.platform.xconf.client.netty.NettyClient [Thread-132] client socket close
2020-06-10 20:15:27,031 WARN com.ggj.platform.xconf.client.netty.handler.ClientHandler [XconfClient-NioEventLoopGroup-pool-0] client->server 通道断开了
2020-06-10 20:15:27,106 INFO org.springframework.scheduling.concurrent.ExecutorConfigurationSupport [SpringContextShutdownHook] Shutting down ExecutorService 'applicationTaskExecutor'
2020-06-10 20:15:27,106 WARN com.ggj.platform.xconf.client.entry.connection.XconfClient [SpringContextShutdownHook] xconfClient destory
2020-06-10 20:38:56,836 WARN org.springframework.boot.StartupInfoLogger [main] InetAddress.getLocalHost().getHostName() took 5005 milliseconds to respond. Please verify your network configuration (macOS machines may need to add entries to /etc/hosts).
2020-06-10 20:39:01,844 INFO org.springframework.boot.StartupInfoLogger [main] Starting BigMonsterApplication on MacBook-Pro-2.local with PID 14356 (/Users/changfeng/work/code/big-monster/monster-web/target/classes started by changfeng in /Users/changfeng/work/code/big-monster)
2020-06-10 20:39:01,845 INFO org.springframework.boot.SpringApplication [main] No active profile set, falling back to default profiles: default
2020-06-10 20:39:02,897 INFO org.springframework.context.support.PostProcessorRegistrationDelegate$BeanPostProcessorChecker [main] Bean 'xconfClientConfiguration' of type [com.muyi.bigMonster.config.XconfClientConfiguration$$EnhancerBySpringCGLIB$$2e6af2ea] is not eligible for getting processed by all BeanPostProcessors (for example: not eligible for auto-proxying)
2020-06-10 20:39:02,936 INFO com.ggj.platform.xconf.client.entry.connection.XconfClient [main] sqlite存储目录为:/Users/changfeng/.xconf
2020-06-10 20:39:03,038 INFO com.ggj.platform.xconf.client.store.persistence.SqliteStoreHelper [main] 初始化表成功(如果表存在,不会重新创建)
2020-06-10 20:39:08,270 INFO com.ggj.platform.xconf.client.netty.channel.ServerChannelHolder [main] connect 120.55.196.18:16520 server success
2020-06-10 20:39:08,271 INFO com.ggj.platform.xconf.client.netty.handler.ClientHandler [XconfClient-NioEventLoopGroup-pool-0] client->server 通道连接成功
2020-06-10 20:39:08,364 INFO com.ggj.platform.xconf.common.protocol.codec.CommandMessageEncoder [XconfClient-NioEventLoopGroup-pool-0] 发送的数据包大小为:95
2020-06-10 20:39:08,381 INFO com.ggj.platform.xconf.common.protocol.codec.CommandMessageDecoder [XconfClient-NioEventLoopGroup-pool-0] 接受的数据包大小为:118
2020-06-10 20:39:08,479 INFO com.ggj.platform.xconf.client.netty.sync.ClientSyncData [main] await sync done
2020-06-10 20:39:08,479 INFO com.ggj.platform.xconf.client.netty.sync.ClientSyncData$1 [XconfClient-NioEventLoopGroup-pool-0] await sync complete
2020-06-10 20:39:08,479 INFO com.ggj.platform.xconf.client.netty.handler.ClientHandler [XconfClient-NioEventLoopGroup-pool-0] client send msg:null
2020-06-10 20:39:08,479 INFO com.ggj.platform.xconf.client.netty.NettyClient [main] 同步数据结果:true
2020-06-10 20:39:08,739 INFO org.springframework.boot.web.embedded.tomcat.TomcatWebServer [main] Tomcat initialized with port(s): 9999 (http)
2020-06-10 20:39:08,752 INFO org.apache.juli.logging.DirectJDKLog [main] Initializing ProtocolHandler ["http-nio-9999"]
2020-06-10 20:39:08,753 INFO org.apache.juli.logging.DirectJDKLog [main] Starting service [Tomcat]
2020-06-10 20:39:08,753 INFO org.apache.juli.logging.DirectJDKLog [main] Starting Servlet engine: [Apache Tomcat/9.0.35]
2020-06-10 20:39:08,948 INFO org.apache.juli.logging.DirectJDKLog [main] Initializing Spring embedded WebApplicationContext
2020-06-10 20:39:08,949 INFO org.springframework.boot.web.servlet.context.ServletWebServerApplicationContext [main] Root WebApplicationContext: initialization completed in 7052 ms
2020-06-10 20:39:09,429 INFO org.springframework.scheduling.concurrent.ExecutorConfigurationSupport [main] Initializing ExecutorService 'applicationTaskExecutor'
2020-06-10 20:39:09,593 INFO org.apache.juli.logging.DirectJDKLog [main] Starting ProtocolHandler ["http-nio-9999"]
2020-06-10 20:39:09,609 INFO org.springframework.boot.web.embedded.tomcat.TomcatWebServer [main] Tomcat started on port(s): 9999 (http) with context path '/monster'
2020-06-10 20:39:09,620 INFO org.springframework.boot.StartupInfoLogger [main] Started BigMonsterApplication in 28.509 seconds (JVM running for 34.327)
2020-06-10 20:39:11,485 INFO com.ggj.platform.xconf.common.protocol.codec.CommandMessageEncoder [XconfClient-NioEventLoopGroup-pool-0] 发送的数据包大小为:95
2020-06-10 20:39:11,496 INFO com.ggj.platform.xconf.common.protocol.codec.CommandMessageDecoder [XconfClient-NioEventLoopGroup-pool-0] 接受的数据包大小为:118
2020-06-10 20:39:11,498 INFO com.ggj.platform.xconf.client.netty.handler.ClientHandler [XconfClient-NioEventLoopGroup-pool-0] client send msg:null
2020-06-10 20:39:56,534 INFO com.ggj.platform.xconf.common.protocol.codec.CommandMessageEncoder [XconfClient-NioEventLoopGroup-pool-0] 发送的数据包大小为:147
2020-06-10 20:40:11,489 INFO com.ggj.platform.xconf.common.protocol.codec.CommandMessageEncoder [XconfClient-NioEventLoopGroup-pool-0] 发送的数据包大小为:95
2020-06-10 20:40:11,499 INFO com.ggj.platform.xconf.common.protocol.codec.CommandMessageDecoder [XconfClient-NioEventLoopGroup-pool-0] 接受的数据包大小为:118
2020-06-10 20:40:11,501 INFO com.ggj.platform.xconf.client.netty.handler.ClientHandler [XconfClient-NioEventLoopGroup-pool-0] client send msg:null
2020-06-10 20:40:56,507 INFO com.ggj.platform.xconf.common.protocol.codec.CommandMessageEncoder [XconfClient-NioEventLoopGroup-pool-0] 发送的数据包大小为:147
2020-06-10 20:41:11,498 INFO com.ggj.platform.xconf.common.protocol.codec.CommandMessageEncoder [XconfClient-NioEventLoopGroup-pool-0] 发送的数据包大小为:95
2020-06-10 20:41:11,507 INFO com.ggj.platform.xconf.common.protocol.codec.CommandMessageDecoder [XconfClient-NioEventLoopGroup-pool-0] 接受的数据包大小为:118
2020-06-10 20:41:11,509 INFO com.ggj.platform.xconf.client.netty.handler.ClientHandler [XconfClient-NioEventLoopGroup-pool-0] client send msg:null
2020-06-10 20:41:56,511 INFO com.ggj.platform.xconf.common.protocol.codec.CommandMessageEncoder [XconfClient-NioEventLoopGroup-pool-0] 发送的数据包大小为:147
2020-06-10 20:42:11,506 INFO com.ggj.platform.xconf.common.protocol.codec.CommandMessageEncoder [XconfClient-NioEventLoopGroup-pool-0] 发送的数据包大小为:95
2020-06-10 20:42:11,521 INFO com.ggj.platform.xconf.common.protocol.codec.CommandMessageDecoder [XconfClient-NioEventLoopGroup-pool-0] 接受的数据包大小为:118
2020-06-10 20:42:11,522 INFO com.ggj.platform.xconf.client.netty.handler.ClientHandler [XconfClient-NioEventLoopGroup-pool-0] client send msg:null
2020-06-10 20:42:56,526 INFO com.ggj.platform.xconf.common.protocol.codec.CommandMessageEncoder [XconfClient-NioEventLoopGroup-pool-0] 发送的数据包大小为:147
2020-06-10 20:43:11,513 INFO com.ggj.platform.xconf.common.protocol.codec.CommandMessageEncoder [XconfClient-NioEventLoopGroup-pool-0] 发送的数据包大小为:95
2020-06-10 20:43:11,520 INFO com.ggj.platform.xconf.common.protocol.codec.CommandMessageDecoder [XconfClient-NioEventLoopGroup-pool-0] 接受的数据包大小为:118
2020-06-10 20:43:11,522 INFO com.ggj.platform.xconf.client.netty.handler.ClientHandler [XconfClient-NioEventLoopGroup-pool-0] client send msg:null
2020-06-10 20:43:56,526 INFO com.ggj.platform.xconf.common.protocol.codec.CommandMessageEncoder [XconfClient-NioEventLoopGroup-pool-0] 发送的数据包大小为:147
2020-06-10 20:44:11,518 INFO com.ggj.platform.xconf.common.protocol.codec.CommandMessageEncoder [XconfClient-NioEventLoopGroup-pool-0] 发送的数据包大小为:95
2020-06-10 20:44:11,526 INFO com.ggj.platform.xconf.common.protocol.codec.CommandMessageDecoder [XconfClient-NioEventLoopGroup-pool-0] 接受的数据包大小为:118
2020-06-10 20:44:11,527 INFO com.ggj.platform.xconf.client.netty.handler.ClientHandler [XconfClient-NioEventLoopGroup-pool-0] client send msg:null
2020-06-10 20:44:56,538 INFO com.ggj.platform.xconf.common.protocol.codec.CommandMessageEncoder [XconfClient-NioEventLoopGroup-pool-0] 发送的数据包大小为:147
2020-06-10 20:45:11,525 INFO com.ggj.platform.xconf.common.protocol.codec.CommandMessageEncoder [XconfClient-NioEventLoopGroup-pool-0] 发送的数据包大小为:95
2020-06-10 20:45:11,536 INFO com.ggj.platform.xconf.common.protocol.codec.CommandMessageDecoder [XconfClient-NioEventLoopGroup-pool-0] 接受的数据包大小为:118
2020-06-10 20:45:11,538 INFO com.ggj.platform.xconf.client.netty.handler.ClientHandler [XconfClient-NioEventLoopGroup-pool-0] client send msg:null
2020-06-10 20:45:56,541 INFO com.ggj.platform.xconf.common.protocol.codec.CommandMessageEncoder [XconfClient-NioEventLoopGroup-pool-0] 发送的数据包大小为:147
2020-06-10 20:46:11,537 INFO com.ggj.platform.xconf.common.protocol.codec.CommandMessageEncoder [XconfClient-NioEventLoopGroup-pool-0] 发送的数据包大小为:95
2020-06-10 20:46:11,566 INFO com.ggj.platform.xconf.common.protocol.codec.CommandMessageDecoder [XconfClient-NioEventLoopGroup-pool-0] 接受的数据包大小为:118
2020-06-10 20:46:11,567 INFO com.ggj.platform.xconf.client.netty.handler.ClientHandler [XconfClient-NioEventLoopGroup-pool-0] client send msg:null
2020-06-10 20:46:56,570 INFO com.ggj.platform.xconf.common.protocol.codec.CommandMessageEncoder [XconfClient-NioEventLoopGroup-pool-0] 发送的数据包大小为:147
2020-06-10 20:47:11,544 INFO com.ggj.platform.xconf.common.protocol.codec.CommandMessageEncoder [XconfClient-NioEventLoopGroup-pool-0] 发送的数据包大小为:95
2020-06-10 20:47:11,553 INFO com.ggj.platform.xconf.common.protocol.codec.CommandMessageDecoder [XconfClient-NioEventLoopGroup-pool-0] 接受的数据包大小为:118
2020-06-10 20:47:11,555 INFO com.ggj.platform.xconf.client.netty.handler.ClientHandler [XconfClient-NioEventLoopGroup-pool-0] client send msg:null
2020-06-10 20:47:56,561 INFO com.ggj.platform.xconf.common.protocol.codec.CommandMessageEncoder [XconfClient-NioEventLoopGroup-pool-0] 发送的数据包大小为:147
2020-06-10 20:48:11,551 INFO com.ggj.platform.xconf.common.protocol.codec.CommandMessageEncoder [XconfClient-NioEventLoopGroup-pool-0] 发送的数据包大小为:95
2020-06-10 20:48:11,562 INFO com.ggj.platform.xconf.common.protocol.codec.CommandMessageDecoder [XconfClient-NioEventLoopGroup-pool-0] 接受的数据包大小为:118
2020-06-10 20:48:11,563 INFO com.ggj.platform.xconf.client.netty.handler.ClientHandler [XconfClient-NioEventLoopGroup-pool-0] client send msg:null
2020-06-10 20:48:56,566 INFO com.ggj.platform.xconf.common.protocol.codec.CommandMessageEncoder [XconfClient-NioEventLoopGroup-pool-0] 发送的数据包大小为:147
2020-06-10 20:49:11,557 INFO com.ggj.platform.xconf.common.protocol.codec.CommandMessageEncoder [XconfClient-NioEventLoopGroup-pool-0] 发送的数据包大小为:95
2020-06-10 20:49:11,587 INFO com.ggj.platform.xconf.common.protocol.codec.CommandMessageDecoder [XconfClient-NioEventLoopGroup-pool-0] 接受的数据包大小为:118
2020-06-10 20:49:11,589 INFO com.ggj.platform.xconf.client.netty.handler.ClientHandler [XconfClient-NioEventLoopGroup-pool-0] client send msg:null
2020-06-10 20:49:56,591 INFO com.ggj.platform.xconf.common.protocol.codec.CommandMessageEncoder [XconfClient-NioEventLoopGroup-pool-0] 发送的数据包大小为:147
2020-06-10 20:50:11,565 INFO com.ggj.platform.xconf.common.protocol.codec.CommandMessageEncoder [XconfClient-NioEventLoopGroup-pool-0] 发送的数据包大小为:95
2020-06-10 20:50:11,574 INFO com.ggj.platform.xconf.common.protocol.codec.CommandMessageDecoder [XconfClient-NioEventLoopGroup-pool-0] 接受的数据包大小为:118
2020-06-10 20:50:11,575 INFO com.ggj.platform.xconf.client.netty.handler.ClientHandler [XconfClient-NioEventLoopGroup-pool-0] client send msg:null
2020-06-10 20:50:56,578 INFO com.ggj.platform.xconf.common.protocol.codec.CommandMessageEncoder [XconfClient-NioEventLoopGroup-pool-0] 发送的数据包大小为:147
2020-06-10 20:51:11,567 INFO com.ggj.platform.xconf.common.protocol.codec.CommandMessageEncoder [XconfClient-NioEventLoopGroup-pool-0] 发送的数据包大小为:95
2020-06-10 20:51:11,576 INFO com.ggj.platform.xconf.common.protocol.codec.CommandMessageDecoder [XconfClient-NioEventLoopGroup-pool-0] 接受的数据包大小为:118
2020-06-10 20:51:11,578 INFO com.ggj.platform.xconf.client.netty.handler.ClientHandler [XconfClient-NioEventLoopGroup-pool-0] client send msg:null
2020-06-10 20:51:56,582 INFO com.ggj.platform.xconf.common.protocol.codec.CommandMessageEncoder [XconfClient-NioEventLoopGroup-pool-0] 发送的数据包大小为:147
2020-06-10 20:52:11,570 INFO com.ggj.platform.xconf.common.protocol.codec.CommandMessageEncoder [XconfClient-NioEventLoopGroup-pool-0] 发送的数据包大小为:95
2020-06-10 20:52:11,579 INFO com.ggj.platform.xconf.common.protocol.codec.CommandMessageDecoder [XconfClient-NioEventLoopGroup-pool-0] 接受的数据包大小为:118
2020-06-10 20:52:11,581 INFO com.ggj.platform.xconf.client.netty.handler.ClientHandler [XconfClient-NioEventLoopGroup-pool-0] client send msg:null
2020-06-10 20:52:56,586 INFO com.ggj.platform.xconf.common.protocol.codec.CommandMessageEncoder [XconfClient-NioEventLoopGroup-pool-0] 发送的数据包大小为:147
2020-06-10 20:53:11,574 INFO com.ggj.platform.xconf.common.protocol.codec.CommandMessageEncoder [XconfClient-NioEventLoopGroup-pool-0] 发送的数据包大小为:95
2020-06-10 20:53:11,581 INFO com.ggj.platform.xconf.common.protocol.codec.CommandMessageDecoder [XconfClient-NioEventLoopGroup-pool-0] 接受的数据包大小为:118
2020-06-10 20:53:11,582 INFO com.ggj.platform.xconf.client.netty.handler.ClientHandler [XconfClient-NioEventLoopGroup-pool-0] client send msg:null
2020-06-10 20:53:56,589 INFO com.ggj.platform.xconf.common.protocol.codec.CommandMessageEncoder [XconfClient-NioEventLoopGroup-pool-0] 发送的数据包大小为:147
2020-06-10 20:54:11,578 INFO com.ggj.platform.xconf.common.protocol.codec.CommandMessageEncoder [XconfClient-NioEventLoopGroup-pool-0] 发送的数据包大小为:95
2020-06-10 20:54:11,586 INFO com.ggj.platform.xconf.common.protocol.codec.CommandMessageDecoder [XconfClient-NioEventLoopGroup-pool-0] 接受的数据包大小为:118
2020-06-10 20:54:11,588 INFO com.ggj.platform.xconf.client.netty.handler.ClientHandler [XconfClient-NioEventLoopGroup-pool-0] client send msg:null
2020-06-10 20:54:56,590 INFO com.ggj.platform.xconf.common.protocol.codec.CommandMessageEncoder [XconfClient-NioEventLoopGroup-pool-0] 发送的数据包大小为:147
2020-06-10 20:55:11,584 INFO com.ggj.platform.xconf.common.protocol.codec.CommandMessageEncoder [XconfClient-NioEventLoopGroup-pool-0] 发送的数据包大小为:95
2020-06-10 20:55:11,594 INFO com.ggj.platform.xconf.common.protocol.codec.CommandMessageDecoder [XconfClient-NioEventLoopGroup-pool-0] 接受的数据包大小为:118
2020-06-10 20:55:11,595 INFO com.ggj.platform.xconf.client.netty.handler.ClientHandler [XconfClient-NioEventLoopGroup-pool-0] client send msg:null
2020-06-10 20:55:56,600 INFO com.ggj.platform.xconf.common.protocol.codec.CommandMessageEncoder [XconfClient-NioEventLoopGroup-pool-0] 发送的数据包大小为:147
2020-06-10 20:56:11,591 INFO com.ggj.platform.xconf.common.protocol.codec.CommandMessageEncoder [XconfClient-NioEventLoopGroup-pool-0] 发送的数据包大小为:95
2020-06-10 20:56:11,599 INFO com.ggj.platform.xconf.common.protocol.codec.CommandMessageDecoder [XconfClient-NioEventLoopGroup-pool-0] 接受的数据包大小为:118
2020-06-10 20:56:11,601 INFO com.ggj.platform.xconf.client.netty.handler.ClientHandler [XconfClient-NioEventLoopGroup-pool-0] client send msg:null
2020-06-10 20:56:56,607 INFO com.ggj.platform.xconf.common.protocol.codec.CommandMessageEncoder [XconfClient-NioEventLoopGroup-pool-0] 发送的数据包大小为:147
2020-06-10 20:57:11,598 INFO com.ggj.platform.xconf.common.protocol.codec.CommandMessageEncoder [XconfClient-NioEventLoopGroup-pool-0] 发送的数据包大小为:95
2020-06-10 20:57:11,609 INFO com.ggj.platform.xconf.common.protocol.codec.CommandMessageDecoder [XconfClient-NioEventLoopGroup-pool-0] 接受的数据包大小为:118
2020-06-10 20:57:11,610 INFO com.ggj.platform.xconf.client.netty.handler.ClientHandler [XconfClient-NioEventLoopGroup-pool-0] client send msg:null
2020-06-10 20:57:56,613 INFO com.ggj.platform.xconf.common.protocol.codec.CommandMessageEncoder [XconfClient-NioEventLoopGroup-pool-0] 发送的数据包大小为:147
2020-06-10 20:58:11,605 INFO com.ggj.platform.xconf.common.protocol.codec.CommandMessageEncoder [XconfClient-NioEventLoopGroup-pool-0] 发送的数据包大小为:95
2020-06-10 20:58:11,614 INFO com.ggj.platform.xconf.common.protocol.codec.CommandMessageDecoder [XconfClient-NioEventLoopGroup-pool-0] 接受的数据包大小为:118
2020-06-10 20:58:11,615 INFO com.ggj.platform.xconf.client.netty.handler.ClientHandler [XconfClient-NioEventLoopGroup-pool-0] client send msg:null
2020-06-10 20:58:56,617 INFO com.ggj.platform.xconf.common.protocol.codec.CommandMessageEncoder [XconfClient-NioEventLoopGroup-pool-0] 发送的数据包大小为:147
2020-06-10 20:59:11,610 INFO com.ggj.platform.xconf.common.protocol.codec.CommandMessageEncoder [XconfClient-NioEventLoopGroup-pool-0] 发送的数据包大小为:95
2020-06-10 20:59:11,622 INFO com.ggj.platform.xconf.common.protocol.codec.CommandMessageDecoder [XconfClient-NioEventLoopGroup-pool-0] 接受的数据包大小为:118
2020-06-10 20:59:11,624 INFO com.ggj.platform.xconf.client.netty.handler.ClientHandler [XconfClient-NioEventLoopGroup-pool-0] client send msg:null
2020-06-10 20:59:56,629 INFO com.ggj.platform.xconf.common.protocol.codec.CommandMessageEncoder [XconfClient-NioEventLoopGroup-pool-0] 发送的数据包大小为:147
2020-06-10 21:00:11,614 INFO com.ggj.platform.xconf.common.protocol.codec.CommandMessageEncoder [XconfClient-NioEventLoopGroup-pool-0] 发送的数据包大小为:95
2020-06-10 21:00:11,622 INFO com.ggj.platform.xconf.common.protocol.codec.CommandMessageDecoder [XconfClient-NioEventLoopGroup-pool-0] 接受的数据包大小为:118
2020-06-10 21:00:11,624 INFO com.ggj.platform.xconf.client.netty.handler.ClientHandler [XconfClient-NioEventLoopGroup-pool-0] client send msg:null
2020-06-10 21:00:56,630 INFO com.ggj.platform.xconf.common.protocol.codec.CommandMessageEncoder [XconfClient-NioEventLoopGroup-pool-0] 发送的数据包大小为:147
2020-06-10 21:01:11,617 INFO com.ggj.platform.xconf.common.protocol.codec.CommandMessageEncoder [XconfClient-NioEventLoopGroup-pool-0] 发送的数据包大小为:95
2020-06-10 21:01:11,627 INFO com.ggj.platform.xconf.common.protocol.codec.CommandMessageDecoder [XconfClient-NioEventLoopGroup-pool-0] 接受的数据包大小为:118
2020-06-10 21:01:11,629 INFO com.ggj.platform.xconf.client.netty.handler.ClientHandler [XconfClient-NioEventLoopGroup-pool-0] client send msg:null
2020-06-10 21:01:56,632 INFO com.ggj.platform.xconf.common.protocol.codec.CommandMessageEncoder [XconfClient-NioEventLoopGroup-pool-0] 发送的数据包大小为:147
2020-06-10 21:02:11,623 INFO com.ggj.platform.xconf.common.protocol.codec.CommandMessageEncoder [XconfClient-NioEventLoopGroup-pool-0] 发送的数据包大小为:95
2020-06-10 21:02:11,710 INFO com.ggj.platform.xconf.common.protocol.codec.CommandMessageDecoder [XconfClient-NioEventLoopGroup-pool-0] 接受的数据包大小为:118
2020-06-10 21:02:11,711 INFO com.ggj.platform.xconf.client.netty.handler.ClientHandler [XconfClient-NioEventLoopGroup-pool-0] client send msg:null
2020-06-10 21:02:56,716 INFO com.ggj.platform.xconf.common.protocol.codec.CommandMessageEncoder [XconfClient-NioEventLoopGroup-pool-0] 发送的数据包大小为:147
2020-06-10 21:03:11,627 INFO com.ggj.platform.xconf.common.protocol.codec.CommandMessageEncoder [XconfClient-NioEventLoopGroup-pool-0] 发送的数据包大小为:95
2020-06-10 21:03:11,634 INFO com.ggj.platform.xconf.common.protocol.codec.CommandMessageDecoder [XconfClient-NioEventLoopGroup-pool-0] 接受的数据包大小为:118
2020-06-10 21:03:11,635 INFO com.ggj.platform.xconf.client.netty.handler.ClientHandler [XconfClient-NioEventLoopGroup-pool-0] client send msg:null
2020-06-10 21:03:56,637 INFO com.ggj.platform.xconf.common.protocol.codec.CommandMessageEncoder [XconfClient-NioEventLoopGroup-pool-0] 发送的数据包大小为:147
2020-06-10 21:04:11,633 INFO com.ggj.platform.xconf.common.protocol.codec.CommandMessageEncoder [XconfClient-NioEventLoopGroup-pool-0] 发送的数据包大小为:95
2020-06-10 21:04:11,641 INFO com.ggj.platform.xconf.common.protocol.codec.CommandMessageDecoder [XconfClient-NioEventLoopGroup-pool-0] 接受的数据包大小为:118
2020-06-10 21:04:11,642 INFO com.ggj.platform.xconf.client.netty.handler.ClientHandler [XconfClient-NioEventLoopGroup-pool-0] client send msg:null
2020-06-10 21:04:56,645 INFO com.ggj.platform.xconf.common.protocol.codec.CommandMessageEncoder [XconfClient-NioEventLoopGroup-pool-0] 发送的数据包大小为:147
2020-06-10 21:05:11,639 INFO com.ggj.platform.xconf.common.protocol.codec.CommandMessageEncoder [XconfClient-NioEventLoopGroup-pool-0] 发送的数据包大小为:95
2020-06-10 21:05:11,646 INFO com.ggj.platform.xconf.common.protocol.codec.CommandMessageDecoder [XconfClient-NioEventLoopGroup-pool-0] 接受的数据包大小为:118
2020-06-10 21:05:11,648 INFO com.ggj.platform.xconf.client.netty.handler.ClientHandler [XconfClient-NioEventLoopGroup-pool-0] client send msg:null
2020-06-10 21:05:56,654 INFO com.ggj.platform.xconf.common.protocol.codec.CommandMessageEncoder [XconfClient-NioEventLoopGroup-pool-0] 发送的数据包大小为:147
2020-06-10 21:06:11,646 INFO com.ggj.platform.xconf.common.protocol.codec.CommandMessageEncoder [XconfClient-NioEventLoopGroup-pool-0] 发送的数据包大小为:95
2020-06-10 21:06:11,654 INFO com.ggj.platform.xconf.common.protocol.codec.CommandMessageDecoder [XconfClient-NioEventLoopGroup-pool-0] 接受的数据包大小为:118
2020-06-10 21:06:11,655 INFO com.ggj.platform.xconf.client.netty.handler.ClientHandler [XconfClient-NioEventLoopGroup-pool-0] client send msg:null
2020-06-10 21:06:56,666 INFO com.ggj.platform.xconf.common.protocol.codec.CommandMessageEncoder [XconfClient-NioEventLoopGroup-pool-0] 发送的数据包大小为:147
2020-06-10 21:07:11,655 INFO com.ggj.platform.xconf.common.protocol.codec.CommandMessageEncoder [XconfClient-NioEventLoopGroup-pool-0] 发送的数据包大小为:95
2020-06-10 21:07:11,662 INFO com.ggj.platform.xconf.common.protocol.codec.CommandMessageDecoder [XconfClient-NioEventLoopGroup-pool-0] 接受的数据包大小为:118
2020-06-10 21:07:11,666 INFO com.ggj.platform.xconf.client.netty.handler.ClientHandler [XconfClient-NioEventLoopGroup-pool-0] client send msg:null
2020-06-10 21:07:56,672 INFO com.ggj.platform.xconf.common.protocol.codec.CommandMessageEncoder [XconfClient-NioEventLoopGroup-pool-0] 发送的数据包大小为:147
2020-06-10 21:08:11,662 INFO com.ggj.platform.xconf.common.protocol.codec.CommandMessageEncoder [XconfClient-NioEventLoopGroup-pool-0] 发送的数据包大小为:95
2020-06-10 21:08:11,668 INFO com.ggj.platform.xconf.common.protocol.codec.CommandMessageDecoder [XconfClient-NioEventLoopGroup-pool-0] 接受的数据包大小为:118
2020-06-10 21:08:11,669 INFO com.ggj.platform.xconf.client.netty.handler.ClientHandler [XconfClient-NioEventLoopGroup-pool-0] client send msg:null
2020-06-10 21:08:56,671 INFO com.ggj.platform.xconf.common.protocol.codec.CommandMessageEncoder [XconfClient-NioEventLoopGroup-pool-0] 发送的数据包大小为:147
2020-06-10 21:09:11,682 INFO com.ggj.platform.xconf.common.protocol.codec.CommandMessageEncoder [XconfClient-NioEventLoopGroup-pool-0] 发送的数据包大小为:95
2020-06-10 21:09:11,689 INFO com.ggj.platform.xconf.common.protocol.codec.CommandMessageDecoder [XconfClient-NioEventLoopGroup-pool-0] 接受的数据包大小为:118
2020-06-10 21:09:11,691 INFO com.ggj.platform.xconf.client.netty.handler.ClientHandler [XconfClient-NioEventLoopGroup-pool-0] client send msg:null
2020-06-10 21:09:56,694 INFO com.ggj.platform.xconf.common.protocol.codec.CommandMessageEncoder [XconfClient-NioEventLoopGroup-pool-0] 发送的数据包大小为:147
2020-06-10 21:10:11,685 INFO com.ggj.platform.xconf.common.protocol.codec.CommandMessageEncoder [XconfClient-NioEventLoopGroup-pool-0] 发送的数据包大小为:95
2020-06-10 21:10:11,694 INFO com.ggj.platform.xconf.common.protocol.codec.CommandMessageDecoder [XconfClient-NioEventLoopGroup-pool-0] 接受的数据包大小为:118
2020-06-10 21:10:11,695 INFO com.ggj.platform.xconf.client.netty.handler.ClientHandler [XconfClient-NioEventLoopGroup-pool-0] client send msg:null
2020-06-10 21:10:56,702 INFO com.ggj.platform.xconf.common.protocol.codec.CommandMessageEncoder [XconfClient-NioEventLoopGroup-pool-0] 发送的数据包大小为:147
2020-06-10 21:11:11,693 INFO com.ggj.platform.xconf.common.protocol.codec.CommandMessageEncoder [XconfClient-NioEventLoopGroup-pool-0] 发送的数据包大小为:95
2020-06-10 21:11:11,702 INFO com.ggj.platform.xconf.common.protocol.codec.CommandMessageDecoder [XconfClient-NioEventLoopGroup-pool-0] 接受的数据包大小为:118
2020-06-10 21:11:11,703 INFO com.ggj.platform.xconf.client.netty.handler.ClientHandler [XconfClient-NioEventLoopGroup-pool-0] client send msg:null
2020-06-10 21:11:56,707 INFO com.ggj.platform.xconf.common.protocol.codec.CommandMessageEncoder [XconfClient-NioEventLoopGroup-pool-0] 发送的数据包大小为:147
2020-06-10 21:12:11,696 INFO com.ggj.platform.xconf.common.protocol.codec.CommandMessageEncoder [XconfClient-NioEventLoopGroup-pool-0] 发送的数据包大小为:95
2020-06-10 21:12:11,703 INFO com.ggj.platform.xconf.common.protocol.codec.CommandMessageDecoder [XconfClient-NioEventLoopGroup-pool-0] 接受的数据包大小为:118
2020-06-10 21:12:11,705 INFO com.ggj.platform.xconf.client.netty.handler.ClientHandler [XconfClient-NioEventLoopGroup-pool-0] client send msg:null
2020-06-10 21:12:56,710 INFO com.ggj.platform.xconf.common.protocol.codec.CommandMessageEncoder [XconfClient-NioEventLoopGroup-pool-0] 发送的数据包大小为:147
2020-06-10 21:13:11,698 INFO com.ggj.platform.xconf.common.protocol.codec.CommandMessageEncoder [XconfClient-NioEventLoopGroup-pool-0] 发送的数据包大小为:95
2020-06-10 21:13:11,707 INFO com.ggj.platform.xconf.common.protocol.codec.CommandMessageDecoder [XconfClient-NioEventLoopGroup-pool-0] 接受的数据包大小为:118
2020-06-10 21:13:11,708 INFO com.ggj.platform.xconf.client.netty.handler.ClientHandler [XconfClient-NioEventLoopGroup-pool-0] client send msg:null
2020-06-10 21:13:56,711 INFO com.ggj.platform.xconf.common.protocol.codec.CommandMessageEncoder [XconfClient-NioEventLoopGroup-pool-0] 发送的数据包大小为:147
2020-06-10 21:14:11,703 INFO com.ggj.platform.xconf.common.protocol.codec.CommandMessageEncoder [XconfClient-NioEventLoopGroup-pool-0] 发送的数据包大小为:95
2020-06-10 21:14:11,710 INFO com.ggj.platform.xconf.common.protocol.codec.CommandMessageDecoder [XconfClient-NioEventLoopGroup-pool-0] 接受的数据包大小为:118
2020-06-10 21:14:11,711 INFO com.ggj.platform.xconf.client.netty.handler.ClientHandler [XconfClient-NioEventLoopGroup-pool-0] client send msg:null
2020-06-10 21:14:56,718 INFO com.ggj.platform.xconf.common.protocol.codec.CommandMessageEncoder [XconfClient-NioEventLoopGroup-pool-0] 发送的数据包大小为:147
2020-06-10 21:15:11,707 INFO com.ggj.platform.xconf.common.protocol.codec.CommandMessageEncoder [XconfClient-NioEventLoopGroup-pool-0] 发送的数据包大小为:95
2020-06-10 21:15:11,715 INFO com.ggj.platform.xconf.common.protocol.codec.CommandMessageDecoder [XconfClient-NioEventLoopGroup-pool-0] 接受的数据包大小为:118
2020-06-10 21:15:11,716 INFO com.ggj.platform.xconf.client.netty.handler.ClientHandler [XconfClient-NioEventLoopGroup-pool-0] client send msg:null
2020-06-10 21:15:56,722 INFO com.ggj.platform.xconf.common.protocol.codec.CommandMessageEncoder [XconfClient-NioEventLoopGroup-pool-0] 发送的数据包大小为:147
2020-06-10 21:46:47,883 INFO com.ggj.platform.xconf.common.protocol.codec.CommandMessageEncoder [XconfClient-NioEventLoopGroup-pool-0] 发送的数据包大小为:95
2020-06-10 22:31:39,838 INFO com.ggj.platform.xconf.common.protocol.codec.CommandMessageEncoder [XconfClient-NioEventLoopGroup-pool-0] 发送的数据包大小为:147
2020-06-10 22:31:40,635 ERROR com.ggj.platform.xconf.client.netty.handler.ClientHandler [XconfClient-NioEventLoopGroup-pool-0] 连接出现异常:Operation timed out,e:{}
java.io.IOException: Operation timed out
	at sun.nio.ch.FileDispatcherImpl.read0(Native Method)
	at sun.nio.ch.SocketDispatcher.read(SocketDispatcher.java:39)
	at sun.nio.ch.IOUtil.readIntoNativeBuffer(IOUtil.java:223)
	at sun.nio.ch.IOUtil.read(IOUtil.java:192)
	at sun.nio.ch.SocketChannelImpl.read(SocketChannelImpl.java:380)
	at io.netty.buffer.PooledByteBuf.setBytes(PooledByteBuf.java:253)
	at io.netty.buffer.AbstractByteBuf.writeBytes(AbstractByteBuf.java:1133)
	at io.netty.channel.socket.nio.NioSocketChannel.doReadBytes(NioSocketChannel.java:350)
	at io.netty.channel.nio.AbstractNioByteChannel$NioByteUnsafe.read(AbstractNioByteChannel.java:148)
	at io.netty.channel.nio.NioEventLoop.processSelectedKey(NioEventLoop.java:714)
	at io.netty.channel.nio.NioEventLoop.processSelectedKeysOptimized(NioEventLoop.java:650)
	at io.netty.channel.nio.NioEventLoop.processSelectedKeys(NioEventLoop.java:576)
	at io.netty.channel.nio.NioEventLoop.run(NioEventLoop.java:493)
	at io.netty.util.concurrent.SingleThreadEventExecutor$4.run(SingleThreadEventExecutor.java:989)
	at io.netty.util.internal.ThreadExecutorMap$2.run(ThreadExecutorMap.java:74)
	at java.lang.Thread.run(Thread.java:748)
2020-06-10 22:31:40,647 WARN com.ggj.platform.xconf.client.netty.handler.ClientHandler [XconfClient-NioEventLoopGroup-pool-0] client->server 通道断开了
2020-06-10 22:31:54,840 WARN com.ggj.platform.xconf.client.netty.NettyClient [XconfClient-ScheduleSync-pool-0] serverChannel isn't active
2020-06-10 22:31:54,874 INFO com.ggj.platform.xconf.client.netty.channel.ServerChannelHolder [XconfClient-ScheduleSync-pool-0] connect 120.55.196.18:16520 server success
2020-06-10 22:31:54,874 INFO com.ggj.platform.xconf.client.netty.handler.ClientHandler [XconfClient-NioEventLoopGroup-pool-0] client->server 通道连接成功
2020-06-10 22:31:54,882 INFO com.ggj.platform.xconf.common.protocol.codec.CommandMessageEncoder [XconfClient-NioEventLoopGroup-pool-0] 发送的数据包大小为:95
2020-06-10 22:31:54,892 INFO com.ggj.platform.xconf.common.protocol.codec.CommandMessageDecoder [XconfClient-NioEventLoopGroup-pool-0] 接受的数据包大小为:118
2020-06-10 22:31:54,897 INFO com.ggj.platform.xconf.client.netty.handler.ClientHandler [XconfClient-NioEventLoopGroup-pool-0] client send msg:null
